[LOG] System::create                           : Header version = 2.01.10. Current version = 2.01.10.
[LOG] Manager::init                            : maxchannels = 256 studioflags = 00000006 flags 00000000 extradriverdata 0000000000000000.
[LOG] SystemI::init                            : Initialize version=20110 (116632), maxchannels=256, flags=0x00020000
[LOG] SystemI::setOutputInternal               : Setting output to 'FMOD WASAPI Output'
[LOG] OutputWASAPI::init                       : Mix Format (WAVEFORMATEX): wFormatTag=0xFFFE, nChannels=2, nSamplesPerSec=44100, nAvgBytesPerSec=352800, nBlockAlign=8, wBitsPerSample=32, cbSize=22.
[LOG] OutputWASAPI::init                       : Mix Format (WAVEFORMATEXTENSIBLE): wValidBitsPerSample=32, dwChannelMask=0x00000003, SubFormat=00000003-0000-0010-8000-00AA00389B71.
[LOG] OutputWASAPI::init                       : Output buffer size: 3760 samples, latency: 0.00ms, period: 10.00ms, DSP buffer: 1024 * 4
[LOG] SystemI::init                            : Output requires a sample rate of 44100Hz, resampling will occur.
[LOG] DownMix::init                            : dspbuffersize: 1024  rate: 48000. output speaker mode: 3, input speaker mode 6
[LOG] DownMix::init                            : done.
[LOG] Thread::initThread                       : Init FMOD stream thread. Affinity: 0x8000000000000003, Priority: 0xFFFF7FFB, Stack Size: 98304, Semaphore: No, Sleep Time: 10, Looping: Yes.
[LOG] Thread::initThread                       : Init FMOD mixer thread. Affinity: 0x8000000000000001, Priority: 0xFFFF7FFA, Stack Size: 81920, Semaphore: No, Sleep Time: 0, Looping: Yes.
[LOG] AsyncManager::init                       : manager 000001A29AACAE08 isAsync 0 updatePeriod 0.02
[LOG] AsyncManager::init                       : done
[LOG] PlaybackSystem::init                     : 
[LOG] Thread::initThread                       : Init FMOD Studio sample load thread. Affinity: 0x8000000000000003, Priority: 0xFFFF7FFD, Stack Size: 98304, Semaphore: No, Sleep Time: 1, Looping: No.
[LOG] PlaybackSystem::init                     : done
[LOG] Thread::initThread                       : Init FMOD Studio bank load thread. Affinity: 0x8000000000000003, Priority: 0xFFFF7FFD, Stack Size: 98304, Semaphore: No, Sleep Time: 1, Looping: No.
[LOG] Manager::init                            : done.
[LOG] Manager::readBank                        : fileversion = 135, compatVersion = 132 (oldest = 44, newest = 135)
[LOG] Manager::readBank                        : fileversion = 135, compatVersion = 132 (oldest = 44, newest = 135)
[LOG] Manager::readBank                        : fileversion = 135, compatVersion = 132 (oldest = 44, newest = 135)
[LOG] PluginEffectModel::init                  : Missing DSP plugin 'Steam Audio Spatializer'
[LOG] PostLoad::initPluginEffects              : Creating stub DSP plugin model and continuing.
[LOG] PluginEffectModel::init                  : Missing DSP plugin 'Steam Audio Spatializer'
[LOG] PostLoad::initPluginEffects              : Creating stub DSP plugin model and continuing.
[LOG] PluginEffectModel::init                  : Missing DSP plugin 'Steam Audio Spatializer'
[LOG] PostLoad::initPluginEffects              : Creating stub DSP plugin model and continuing.
[LOG] PluginEffectModel::init                  : Missing DSP plugin 'Steam Audio Spatializer'
[LOG] PostLoad::initPluginEffects              : Creating stub DSP plugin model and continuing.
[LOG] PluginEffectModel::init                  : Missing DSP plugin 'Steam Audio Spatializer'
[LOG] PostLoad::initPluginEffects              : Creating stub DSP plugin model and continuing.
[LOG] PluginEffectModel::init                  : Missing DSP plugin 'Steam Audio Spatializer'
[LOG] PostLoad::initPluginEffects              : Creating stub DSP plugin model and continuing.
[LOG] PluginEffectModel::init                  : Missing DSP plugin 'Steam Audio Spatializer'
[LOG] PostLoad::initPluginEffects              : Creating stub DSP plugin model and continuing.
[LOG] PluginEffectModel::init                  : Missing DSP plugin 'Steam Audio Spatializer'
[LOG] PostLoad::initPluginEffects              : Creating stub DSP plugin model and continuing.
[LOG] PluginEffectModel::init                  : Missing DSP plugin 'Steam Audio Spatializer'
[LOG] PostLoad::initPluginEffects              : Creating stub DSP plugin model and continuing.
[LOG] PluginEffectModel::init                  : Missing DSP plugin 'Steam Audio Spatializer'
[LOG] PostLoad::initPluginEffects              : Creating stub DSP plugin model and continuing.
[LOG] PluginEffectModel::init                  : Missing DSP plugin 'Steam Audio Spatializer'
[LOG] PostLoad::initPluginEffects              : Creating stub DSP plugin model and continuing.
[LOG] PluginEffectModel::init                  : Missing DSP plugin 'Steam Audio Spatializer'
[LOG] PostLoad::initPluginEffects              : Creating stub DSP plugin model and continuing.
[LOG] PluginEffectModel::init                  : Missing DSP plugin 'Steam Audio Spatializer'
[LOG] PostLoad::initPluginEffects              : Creating stub DSP plugin model and continuing.
[LOG] PluginEffectModel::init                  : Missing DSP plugin 'Steam Audio Spatializer'
[LOG] PostLoad::initPluginEffects              : Creating stub DSP plugin model and continuing.
[LOG] PluginEffectModel::init                  : Missing DSP plugin 'Steam Audio Spatializer'
[LOG] PostLoad::initPluginEffects              : Creating stub DSP plugin model and continuing.
[LOG] PluginEffectModel::init                  : Missing DSP plugin 'Steam Audio Spatializer'
[LOG] PostLoad::initPluginEffects              : Creating stub DSP plugin model and continuing.
[LOG] PluginEffectModel::init                  : Missing DSP plugin 'Steam Audio Spatializer'
[LOG] PostLoad::initPluginEffects              : Creating stub DSP plugin model and continuing.
[LOG] PluginEffectModel::init                  : Missing DSP plugin 'Steam Audio Spatializer'
[LOG] PostLoad::initPluginEffects              : Creating stub DSP plugin model and continuing.
[LOG] PluginEffectModel::init                  : Missing DSP plugin 'Steam Audio Spatializer'
[LOG] PostLoad::initPluginEffects              : Creating stub DSP plugin model and continuing.
[LOG] PluginEffectModel::init                  : Missing DSP plugin 'Steam Audio Spatializer'
[LOG] PostLoad::initPluginEffects              : Creating stub DSP plugin model and continuing.
[LOG] PluginEffectModel::init                  : Missing DSP plugin 'Steam Audio Spatializer'
[LOG] PostLoad::initPluginEffects              : Creating stub DSP plugin model and continuing.
[LOG] PluginEffectModel::init                  : Missing DSP plugin 'Steam Audio Spatializer'
[LOG] PostLoad::initPluginEffects              : Creating stub DSP plugin model and continuing.
[LOG] PluginEffectModel::init                  : Missing DSP plugin 'Steam Audio Spatializer'
[LOG] PostLoad::initPluginEffects              : Creating stub DSP plugin model and continuing.
[LOG] PluginEffectModel::init                  : Missing DSP plugin 'Steam Audio Spatializer'
[LOG] PostLoad::initPluginEffects              : Creating stub DSP plugin model and continuing.
[LOG] PluginEffectModel::init                  : Missing DSP plugin 'Steam Audio Spatializer'
[LOG] PostLoad::initPluginEffects              : Creating stub DSP plugin model and continuing.
[LOG] PluginEffectModel::init                  : Missing DSP plugin 'Steam Audio Spatializer'
[LOG] PostLoad::initPluginEffects              : Creating stub DSP plugin model and continuing.
[LOG] PluginEffectModel::init                  : Missing DSP plugin 'Steam Audio Spatializer'
[LOG] PostLoad::initPluginEffects              : Creating stub DSP plugin model and continuing.
[LOG] PluginEffectModel::init                  : Missing DSP plugin 'Steam Audio Spatializer'
[LOG] PostLoad::initPluginEffects              : Creating stub DSP plugin model and continuing.
[LOG] PluginEffectModel::init                  : Missing DSP plugin 'Steam Audio Spatializer'
[LOG] PostLoad::initPluginEffects              : Creating stub DSP plugin model and continuing.
[LOG] PluginEffectModel::init                  : Missing DSP plugin 'Steam Audio Spatializer'
[LOG] PostLoad::initPluginEffects              : Creating stub DSP plugin model and continuing.
[LOG] PluginEffectModel::init                  : Missing DSP plugin 'Steam Audio Spatializer'
[LOG] PostLoad::initPluginEffects              : Creating stub DSP plugin model and continuing.
[LOG] PluginEffectModel::init                  : Missing DSP plugin 'Steam Audio Spatializer'
[LOG] PostLoad::initPluginEffects              : Creating stub DSP plugin model and continuing.
[LOG] PluginEffectModel::init                  : Missing DSP plugin 'Steam Audio Spatializer'
[LOG] PostLoad::initPluginEffects              : Creating stub DSP plugin model and continuing.
[LOG] PluginEffectModel::init                  : Missing DSP plugin 'Steam Audio Spatializer'
[LOG] PostLoad::initPluginEffects              : Creating stub DSP plugin model and continuing.
[LOG] PlaybackSystem::acquireMasterBus         : Setting master channel group format to 6
[LOG] SystemI::createSound                     : filename = ../VR Horror/Build\Desktop/Master.bank : mode 02010082
[LOG] SystemI::createSound                     : FMOD_NONBLOCKING specified.  Putting into queue to be opened asynchronously!
[LOG] Thread::initThread                       : Init FMOD nonblocking thread (0). Affinity: 0x8000000000000003, Priority: 0xFFFF7FFC, Stack Size: 114688, Semaphore: Yes, Sleep Time: 0, Looping: Yes.
[LOG] SystemI::createSound                     : setdata soundi = 000001A3FC30D068 : node = 000001A49A753890
[LOG] SystemI::createSound                     : add node to async list : head = 000001A478595B28.  list count = 0
[LOG] AsyncThread::threadFunc                  : Starting Asynchronous operation on sound 000001A3FC30D068
[LOG] SystemI::createSoundInternal             :     Create name='../VR Horror/Build\Desktop/Master.bank', mode=0x02010082
[LOG] SystemI::createSoundInternal             :     exinfo->cbsize             = 224
[LOG] SystemI::createSoundInternal             :     exinfo->length             = 37901600
[LOG] SystemI::createSoundInternal             :     exinfo->fileoffset         = 155552
[LOG] SystemI::createSoundInternal             :     exinfo->numsubsounds       = 1
[LOG] SystemI::createSoundInternal             :     exinfo->inclusionlist      = 000001A49A7539A0
[LOG] SystemI::createSoundInternal             :     exinfo->inclusionlistnum   = 1
[LOG] SystemI::createSoundInternal             :     exinfo->suggestedsoundtype = 5
[LOG] SystemI::createSoundInternal             :     exinfo->initialseekpostype = 1
[LOG] SystemI::createSound                     :     filename = ../VR Horror/Build\Desktop/Master.bank : mode 02010082
[LOG] SystemI::createSound                     :     FMOD_NONBLOCKING specified.  Putting into queue to be opened asynchronously!
[LOG] SystemI::createSound                     :     setdata soundi = 000001A3FC30D8D8 : node = 000001A49A753390
[LOG] SystemI::createSound                     :     add node to async list : head = 000001A478595B28.  list count = 0
[LOG] SystemI::createSoundInternal             :     Stream 0/1: name='police radio new', format=5, channels=2, frequency=48000, lengthbytes=940256, lengthpcm=6531448, pcmblocksize=0, loopstart=0, loopend=0, mode=0x00000000, channelmask=0x00000000, channelorder=0, peakvolume=0.986511.
[LOG] Thread::initThread                       :     Init FMOD file thread. Affinity: 0x8000000000000003, Priority: 0xFFFF7FFC, Stack Size: 49152, Semaphore: No, Sleep Time: 10, Looping: Yes.
[LOG] AsyncThread::threadFunc                  : Finished Asynchronous operation on sound 000001A3FC30D068
[LOG] AsyncThread::threadFunc                  : Starting Asynchronous operation on sound 000001A3FC30D8D8
[LOG] SystemI::createSoundInternal             :     Create name='../VR Horror/Build\Desktop/Master.bank', mode=0x02010082
[LOG] SystemI::createSoundInternal             :     exinfo->cbsize             = 224
[LOG] SystemI::createSoundInternal             :     exinfo->length             = 37901600
[LOG] SystemI::createSoundInternal             :     exinfo->fileoffset         = 155552
[LOG] SystemI::createSoundInternal             :     exinfo->numsubsounds       = 1
[LOG] SystemI::createSoundInternal             :     exinfo->inclusionlist      = 000001A49A7534A0
[LOG] SystemI::createSoundInternal             :     exinfo->inclusionlistnum   = 1
[LOG] SystemI::createSoundInternal             :     exinfo->suggestedsoundtype = 5
[LOG] SystemI::createSoundInternal             :     exinfo->initialseekpostype = 1
[LOG] SystemI::createSoundInternal             :     Stream 0/1: name='Car and walking', format=5, channels=2, frequency=48000, lengthbytes=2223488, lengthpcm=8498782, pcmblocksize=0, loopstart=0, loopend=0, mode=0x00000000, channelmask=0x00000000, channelorder=0, peakvolume=0.995361.
[LOG] AsyncThread::threadFunc                  : Finished Asynchronous operation on sound 000001A3FC30D8D8
[LOG] SoundI::release                          : police radio new (000001A3FC30D068)
[LOG] SoundI::release                          :     police radio new (000001A35A3574D8)
[LOG] SoundI::release                          :     police radio new (000001A2939377D8)
[LOG] SoundI::release                          : Car and walking (000001A3FC30D8D8)
[LOG] SoundI::release                          :     Car and walking (000001A35A35BC58)
[LOG] SoundI::release                          :     Car and walking (000001A293936DB8)
[LOG] SystemI::createSound                     : filename = ../VR Horror/Build\Desktop/Master.bank : mode 02010082
[LOG] SystemI::createSound                     : FMOD_NONBLOCKING specified.  Putting into queue to be opened asynchronously!
[LOG] SystemI::createSound                     : setdata soundi = 000001A2CDC34E98 : node = 000001A4020553C0
[LOG] SystemI::createSound                     : add node to async list : head = 000001A478595B28.  list count = 0
[LOG] AsyncThread::threadFunc                  : Starting Asynchronous operation on sound 000001A2CDC34E98
[LOG] SystemI::createSoundInternal             :     Create name='../VR Horror/Build\Desktop/Master.bank', mode=0x02010082
[LOG] SystemI::createSoundInternal             :     exinfo->cbsize             = 224
[LOG] SystemI::createSoundInternal             :     exinfo->length             = 37901600
[LOG] SystemI::createSoundInternal             :     exinfo->fileoffset         = 155552
[LOG] SystemI::createSoundInternal             :     exinfo->numsubsounds       = 1
[LOG] SystemI::createSoundInternal             :     exinfo->inclusionlist      = 000001A4020554D0
[LOG] SystemI::createSoundInternal             :     exinfo->inclusionlistnum   = 1
[LOG] SystemI::createSoundInternal             :     exinfo->suggestedsoundtype = 5
[LOG] SystemI::createSoundInternal             :     exinfo->initialseekpostype = 1
[LOG] SystemI::createSoundInternal             :     Stream 0/1: name='Ending', format=5, channels=2, frequency=48000, lengthbytes=1022432, lengthpcm=3715239, pcmblocksize=0, loopstart=0, loopend=0, mode=0x00000000, channelmask=0x00000000, channelorder=0, peakvolume=0.960632.
[LOG] AsyncThread::threadFunc                  : Finished Asynchronous operation on sound 000001A2CDC34E98
[LOG] SystemI::createSoundInternal             : Create name='', mode=0x02000202
[LOG] SystemI::createSoundInternal             : exinfo->cbsize             = 224
[LOG] SystemI::createSoundInternal             : exinfo->length             = 37901600
[LOG] SystemI::createSoundInternal             : exinfo->fileoffset         = 155552
[LOG] SystemI::createSoundInternal             : exinfo->numsubsounds       = 1
[LOG] SystemI::createSoundInternal             : exinfo->inclusionlist      = 000000785268F3E8
[LOG] SystemI::createSoundInternal             : exinfo->inclusionlistnum   = 1
[LOG] SystemI::createSoundInternal             : exinfo->suggestedsoundtype = 5
[LOG] SystemI::createSoundInternal             : exinfo->useropen           = 00007FFA78D87EC0
[LOG] SystemI::createSoundInternal             : exinfo->userclose          = 00007FFA78D87E90
[LOG] SystemI::createSoundInternal             : exinfo->userread           = 00007FFA78D87F90
[LOG] SystemI::createSoundInternal             : exinfo->userseek           = 00007FFA78D88050
[LOG] SystemI::createSoundInternal             : exinfo->fileuserdata       = 000001A331574D68
[LOG] SystemI::createSoundInternal             : exinfo->initialseekpostype = 1
[LOG] SystemI::DSPCodecPoolRegister            : register codec pool for pool type 5
[LOG] SystemI::createSoundInternal             : Sample 0/1: name='glitch 4', format=5, channels=2, frequency=48000, lengthbytes=43136, lengthpcm=267075, pcmblocksize=0, loopstart=0, loopend=0, mode=0x00000000, channelmask=0x00000000, channelorder=0, peakvolume=0.969147.
[LOG] SystemI::createSoundInternal             : Create name='', mode=0x02000202
[LOG] SystemI::createSoundInternal             : exinfo->cbsize             = 224
[LOG] SystemI::createSoundInternal             : exinfo->length             = 37901600
[LOG] SystemI::createSoundInternal             : exinfo->fileoffset         = 155552
[LOG] SystemI::createSoundInternal             : exinfo->numsubsounds       = 1
[LOG] SystemI::createSoundInternal             : exinfo->inclusionlist      = 000000785268F3E8
[LOG] SystemI::createSoundInternal             : exinfo->inclusionlistnum   = 1
[LOG] SystemI::createSoundInternal             : exinfo->suggestedsoundtype = 5
[LOG] SystemI::createSoundInternal             : exinfo->useropen           = 00007FFA78D87EC0
[LOG] SystemI::createSoundInternal             : exinfo->userclose          = 00007FFA78D87E90
[LOG] SystemI::createSoundInternal             : exinfo->userread           = 00007FFA78D87F90
[LOG] SystemI::createSoundInternal             : exinfo->userseek           = 00007FFA78D88050
[LOG] SystemI::createSoundInternal             : exinfo->fileuserdata       = 000001A331574D68
[LOG] SystemI::createSoundInternal             : exinfo->initialseekpostype = 1
[LOG] SystemI::DSPCodecPoolRegister            : register codec pool for pool type 5
[LOG] SystemI::createSoundInternal             : Sample 0/1: name='Large book 3', format=5, channels=2, frequency=48000, lengthbytes=11200, lengthpcm=42631, pcmblocksize=0, loopstart=0, loopend=0, mode=0x00000000, channelmask=0x00000000, channelorder=0, peakvolume=0.841003.
[LOG] SystemI::createSoundInternal             : Create name='', mode=0x02000202
[LOG] SystemI::createSoundInternal             : exinfo->cbsize             = 224
[LOG] SystemI::createSoundInternal             : exinfo->length             = 37901600
[LOG] SystemI::createSoundInternal             : exinfo->fileoffset         = 155552
[LOG] SystemI::createSoundInternal             : exinfo->numsubsounds       = 1
[LOG] SystemI::createSoundInternal             : exinfo->inclusionlist      = 000000785268F3E8
[LOG] SystemI::createSoundInternal             : exinfo->inclusionlistnum   = 1
[LOG] SystemI::createSoundInternal             : exinfo->suggestedsoundtype = 5
[LOG] SystemI::createSoundInternal             : exinfo->useropen           = 00007FFA78D87EC0
[LOG] SystemI::createSoundInternal             : exinfo->userclose          = 00007FFA78D87E90
[LOG] SystemI::createSoundInternal             : exinfo->userread           = 00007FFA78D87F90
[LOG] SystemI::createSoundInternal             : exinfo->userseek           = 00007FFA78D88050
[LOG] SystemI::createSoundInternal             : exinfo->fileuserdata       = 000001A331574D68
[LOG] SystemI::createSoundInternal             : exinfo->initialseekpostype = 1
[LOG] SystemI::DSPCodecPoolRegister            : register codec pool for pool type 5
[LOG] SystemI::createSoundInternal             : Sample 0/1: name='Plate 5', format=5, channels=2, frequency=48000, lengthbytes=12768, lengthpcm=51408, pcmblocksize=0, loopstart=0, loopend=0, mode=0x00000000, channelmask=0x00000000, channelorder=0, peakvolume=0.974548.
[LOG] SystemI::createSoundInternal             : Create name='', mode=0x02000202
[LOG] SystemI::createSoundInternal             : exinfo->cbsize             = 224
[LOG] SystemI::createSoundInternal             : exinfo->length             = 37901600
[LOG] SystemI::createSoundInternal             : exinfo->fileoffset         = 155552
[LOG] SystemI::createSoundInternal             : exinfo->numsubsounds       = 1
[LOG] SystemI::createSoundInternal             : exinfo->inclusionlist      = 000000785268F3E8
[LOG] SystemI::createSoundInternal             : exinfo->inclusionlistnum   = 1
[LOG] SystemI::createSoundInternal             : exinfo->suggestedsoundtype = 5
[LOG] SystemI::createSoundInternal             : exinfo->useropen           = 00007FFA78D87EC0
[LOG] SystemI::createSoundInternal             : exinfo->userclose          = 00007FFA78D87E90
[LOG] SystemI::createSoundInternal             : exinfo->userread           = 00007FFA78D87F90
[LOG] SystemI::createSoundInternal             : exinfo->userseek           = 00007FFA78D88050
[LOG] SystemI::createSoundInternal             : exinfo->fileuserdata       = 000001A331574D68
[LOG] SystemI::createSoundInternal             : exinfo->initialseekpostype = 1
[LOG] SystemI::DSPCodecPoolRegister            : register codec pool for pool type 5
[LOG] SystemI::createSoundInternal             : Sample 0/1: name='glitch 12 long ', format=5, channels=2, frequency=48000, lengthbytes=74400, lengthpcm=267075, pcmblocksize=0, loopstart=0, loopend=0, mode=0x00000000, channelmask=0x00000000, channelorder=0, peakvolume=0.990967.
[LOG] SystemI::createSoundInternal             : Create name='', mode=0x02000202
[LOG] SystemI::createSoundInternal             : exinfo->cbsize             = 224
[LOG] SystemI::createSoundInternal             : exinfo->length             = 37901600
[LOG] SystemI::createSoundInternal             : exinfo->fileoffset         = 155552
[LOG] SystemI::createSoundInternal             : exinfo->numsubsounds       = 1
[LOG] SystemI::createSoundInternal             : exinfo->inclusionlist      = 000000785268F3E8
[LOG] SystemI::createSoundInternal             : exinfo->inclusionlistnum   = 1
[LOG] SystemI::createSoundInternal             : exinfo->suggestedsoundtype = 5
[LOG] SystemI::createSoundInternal             : exinfo->useropen           = 00007FFA78D87EC0
[LOG] SystemI::createSoundInternal             : exinfo->userclose          = 00007FFA78D87E90
[LOG] SystemI::createSoundInternal             : exinfo->userread           = 00007FFA78D87F90
[LOG] SystemI::createSoundInternal             : exinfo->userseek           = 00007FFA78D88050
[LOG] SystemI::createSoundInternal             : exinfo->fileuserdata       = 000001A331574D68
[LOG] SystemI::createSoundInternal             : exinfo->initialseekpostype = 1
[LOG] SystemI::DSPCodecPoolRegister            : register codec pool for pool type 5
[LOG] SystemI::createSoundInternal             : Sample 0/1: name='glitch 15', format=5, channels=2, frequency=48000, lengthbytes=41280, lengthpcm=267075, pcmblocksize=0, loopstart=0, loopend=0, mode=0x00000000, channelmask=0x00000000, channelorder=0, peakvolume=0.948395.
[LOG] SystemI::createSoundInternal             : Create name='', mode=0x02000202
[LOG] SystemI::createSoundInternal             : exinfo->cbsize             = 224
[LOG] SystemI::createSoundInternal             : exinfo->length             = 37901600
[LOG] SystemI::createSoundInternal             : exinfo->fileoffset         = 155552
[LOG] SystemI::createSoundInternal             : exinfo->numsubsounds       = 1
[LOG] SystemI::createSoundInternal             : exinfo->inclusionlist      = 000000785268F3E8
[LOG] SystemI::createSoundInternal             : exinfo->inclusionlistnum   = 1
[LOG] SystemI::createSoundInternal             : exinfo->suggestedsoundtype = 5
[LOG] SystemI::createSoundInternal             : exinfo->useropen           = 00007FFA78D87EC0
[LOG] SystemI::createSoundInternal             : exinfo->userclose          = 00007FFA78D87E90
[LOG] SystemI::createSoundInternal             : exinfo->userread           = 00007FFA78D87F90
[LOG] SystemI::createSoundInternal             : exinfo->userseek           = 00007FFA78D88050
[LOG] SystemI::createSoundInternal             : exinfo->fileuserdata       = 000001A331574D68
[LOG] SystemI::createSoundInternal             : exinfo->initialseekpostype = 1
[LOG] SystemI::DSPCodecPoolRegister            : register codec pool for pool type 5
[LOG] SystemI::createSoundInternal             : Sample 0/1: name='glitch 10', format=5, channels=2, frequency=48000, lengthbytes=49216, lengthpcm=267075, pcmblocksize=0, loopstart=0, loopend=0, mode=0x00000000, channelmask=0x00000000, channelorder=0, peakvolume=0.974365.
[LOG] SystemI::createSoundInternal             : Create name='', mode=0x02000202
[LOG] SystemI::createSoundInternal             : exinfo->cbsize             = 224
[LOG] SystemI::createSoundInternal             : exinfo->length             = 37901600
[LOG] SystemI::createSoundInternal             : exinfo->fileoffset         = 155552
[LOG] SystemI::createSoundInternal             : exinfo->numsubsounds       = 1
[LOG] SystemI::createSoundInternal             : exinfo->inclusionlist      = 000000785268F3E8
[LOG] SystemI::createSoundInternal             : exinfo->inclusionlistnum   = 1
[LOG] SystemI::createSoundInternal             : exinfo->suggestedsoundtype = 5
[LOG] SystemI::createSoundInternal             : exinfo->useropen           = 00007FFA78D87EC0
[LOG] SystemI::createSoundInternal             : exinfo->userclose          = 00007FFA78D87E90
[LOG] SystemI::createSoundInternal             : exinfo->userread           = 00007FFA78D87F90
[LOG] SystemI::createSoundInternal             : exinfo->userseek           = 00007FFA78D88050
[LOG] SystemI::createSoundInternal             : exinfo->fileuserdata       = 000001A331574D68
[LOG] SystemI::createSoundInternal             : exinfo->initialseekpostype = 1
[LOG] SystemI::DSPCodecPoolRegister            : register codec pool for pool type 5
[LOG] SystemI::createSoundInternal             : Sample 0/1: name='glitch 14', format=5, channels=2, frequency=48000, lengthbytes=40192, lengthpcm=267075, pcmblocksize=0, loopstart=0, loopend=0, mode=0x00000000, channelmask=0x00000000, channelorder=0, peakvolume=0.957947.
[LOG] SystemI::createSoundInternal             : Create name='', mode=0x02000202
[LOG] SystemI::createSoundInternal             : exinfo->cbsize             = 224
[LOG] SystemI::createSoundInternal             : exinfo->length             = 37901600
[LOG] SystemI::createSoundInternal             : exinfo->fileoffset         = 155552
[LOG] SystemI::createSoundInternal             : exinfo->numsubsounds       = 1
[LOG] SystemI::createSoundInternal             : exinfo->inclusionlist      = 000000785268F3E8
[LOG] SystemI::createSoundInternal             : exinfo->inclusionlistnum   = 1
[LOG] SystemI::createSoundInternal             : exinfo->suggestedsoundtype = 5
[LOG] SystemI::createSoundInternal             : exinfo->useropen           = 00007FFA78D87EC0
[LOG] SystemI::createSoundInternal             : exinfo->userclose          = 00007FFA78D87E90
[LOG] SystemI::createSoundInternal             : exinfo->userread           = 00007FFA78D87F90
[LOG] SystemI::createSoundInternal             : exinfo->userseek           = 00007FFA78D88050
[LOG] SystemI::createSoundInternal             : exinfo->fileuserdata       = 000001A331574D68
[LOG] SystemI::createSoundInternal             : exinfo->initialseekpostype = 1
[LOG] SystemI::DSPCodecPoolRegister            : register codec pool for pool type 5
[LOG] SystemI::createSoundInternal             : Sample 0/1: name='Large book 2', format=5, channels=2, frequency=48000, lengthbytes=11488, lengthpcm=43885, pcmblocksize=0, loopstart=0, loopend=0, mode=0x00000000, channelmask=0x00000000, channelorder=0, peakvolume=0.999969.
[LOG] SystemI::createSoundInternal             : Create name='', mode=0x02000202
[LOG] SystemI::createSoundInternal             : exinfo->cbsize             = 224
[LOG] SystemI::createSoundInternal             : exinfo->length             = 37901600
[LOG] SystemI::createSoundInternal             : exinfo->fileoffset         = 155552
[LOG] SystemI::createSoundInternal             : exinfo->numsubsounds       = 1
[LOG] SystemI::createSoundInternal             : exinfo->inclusionlist      = 000000785268F3E8
[LOG] SystemI::createSoundInternal             : exinfo->inclusionlistnum   = 1
[LOG] SystemI::createSoundInternal             : exinfo->suggestedsoundtype = 5
[LOG] SystemI::createSoundInternal             : exinfo->useropen           = 00007FFA78D87EC0
[LOG] SystemI::createSoundInternal             : exinfo->userclose          = 00007FFA78D87E90
[LOG] SystemI::createSoundInternal             : exinfo->userread           = 00007FFA78D87F90
[LOG] SystemI::createSoundInternal             : exinfo->userseek           = 00007FFA78D88050
[LOG] SystemI::createSoundInternal             : exinfo->fileuserdata       = 000001A331574D68
[LOG] SystemI::createSoundInternal             : exinfo->initialseekpostype = 1
[LOG] SystemI::DSPCodecPoolRegister            : register codec pool for pool type 5
[LOG] SystemI::createSoundInternal             : Sample 0/1: name='Plate 2', format=5, channels=2, frequency=48000, lengthbytes=13088, lengthpcm=51408, pcmblocksize=0, loopstart=0, loopend=0, mode=0x00000000, channelmask=0x00000000, channelorder=0, peakvolume=0.999969.
[LOG] SystemI::createSoundInternal             : Create name='', mode=0x02000202
[LOG] SystemI::createSoundInternal             : exinfo->cbsize             = 224
[LOG] SystemI::createSoundInternal             : exinfo->length             = 37901600
[LOG] SystemI::createSoundInternal             : exinfo->fileoffset         = 155552
[LOG] SystemI::createSoundInternal             : exinfo->numsubsounds       = 1
[LOG] SystemI::createSoundInternal             : exinfo->inclusionlist      = 000000785268F3E8
[LOG] SystemI::createSoundInternal             : exinfo->inclusionlistnum   = 1
[LOG] SystemI::createSoundInternal             : exinfo->suggestedsoundtype = 5
[LOG] SystemI::createSoundInternal             : exinfo->useropen           = 00007FFA78D87EC0
[LOG] SystemI::createSoundInternal             : exinfo->userclose          = 00007FFA78D87E90
[LOG] SystemI::createSoundInternal             : exinfo->userread           = 00007FFA78D87F90
[LOG] SystemI::createSoundInternal             : exinfo->userseek           = 00007FFA78D88050
[LOG] SystemI::createSoundInternal             : exinfo->fileuserdata       = 000001A331574D68
[LOG] SystemI::createSoundInternal             : exinfo->initialseekpostype = 1
[LOG] SystemI::DSPCodecPoolRegister            : register codec pool for pool type 5
[LOG] SystemI::createSoundInternal             : Sample 0/1: name='Liquid Bottle 3', format=5, channels=2, frequency=48000, lengthbytes=6528, lengthpcm=23823, pcmblocksize=0, loopstart=0, loopend=0, mode=0x00000000, channelmask=0x00000000, channelorder=0, peakvolume=0.969757.
[LOG] SystemI::createSoundInternal             : Create name='', mode=0x02000202
[LOG] SystemI::createSoundInternal             : exinfo->cbsize             = 224
[LOG] SystemI::createSoundInternal             : exinfo->length             = 37901600
[LOG] SystemI::createSoundInternal             : exinfo->fileoffset         = 155552
[LOG] SystemI::createSoundInternal             : exinfo->numsubsounds       = 1
[LOG] SystemI::createSoundInternal             : exinfo->inclusionlist      = 000000785268F3E8
[LOG] SystemI::createSoundInternal             : exinfo->inclusionlistnum   = 1
[LOG] SystemI::createSoundInternal             : exinfo->suggestedsoundtype = 5
[LOG] SystemI::createSoundInternal             : exinfo->useropen           = 00007FFA78D87EC0
[LOG] SystemI::createSoundInternal             : exinfo->userclose          = 00007FFA78D87E90
[LOG] SystemI::createSoundInternal             : exinfo->userread           = 00007FFA78D87F90
[LOG] SystemI::createSoundInternal             : exinfo->userseek           = 00007FFA78D88050
[LOG] SystemI::createSoundInternal             : exinfo->fileuserdata       = 000001A331574D68
[LOG] SystemI::createSoundInternal             : exinfo->initialseekpostype = 1
[LOG] SystemI::DSPCodecPoolRegister            : register codec pool for pool type 5
[LOG] SystemI::createSoundInternal             : Sample 0/1: name='Plate 4', format=5, channels=2, frequency=48000, lengthbytes=17600, lengthpcm=68963, pcmblocksize=0, loopstart=0, loopend=0, mode=0x00000000, channelmask=0x00000000, channelorder=0, peakvolume=0.999969.
[LOG] SystemI::createSoundInternal             : Create name='', mode=0x02000202
[LOG] SystemI::createSoundInternal             : exinfo->cbsize             = 224
[LOG] SystemI::createSoundInternal             : exinfo->length             = 37901600
[LOG] SystemI::createSoundInternal             : exinfo->fileoffset         = 155552
[LOG] SystemI::createSoundInternal             : exinfo->numsubsounds       = 1
[LOG] SystemI::createSoundInternal             : exinfo->inclusionlist      = 000000785268F3E8
[LOG] SystemI::createSoundInternal             : exinfo->inclusionlistnum   = 1
[LOG] SystemI::createSoundInternal             : exinfo->suggestedsoundtype = 5
[LOG] SystemI::createSoundInternal             : exinfo->useropen           = 00007FFA78D87EC0
[LOG] SystemI::createSoundInternal             : exinfo->userclose          = 00007FFA78D87E90
[LOG] SystemI::createSoundInternal             : exinfo->userread           = 00007FFA78D87F90
[LOG] SystemI::createSoundInternal             : exinfo->userseek           = 00007FFA78D88050
[LOG] SystemI::createSoundInternal             : exinfo->fileuserdata       = 000001A331574D68
[LOG] SystemI::createSoundInternal             : exinfo->initialseekpostype = 1
[LOG] SystemI::DSPCodecPoolRegister            : register codec pool for pool type 5
[LOG] SystemI::createSoundInternal             : Sample 0/1: name=' ', format=5, channels=2, frequency=48000, lengthbytes=52192, lengthpcm=290899, pcmblocksize=0, loopstart=0, loopend=0, mode=0x00000000, channelmask=0x00000000, channelorder=0, peakvolume=0.973724.
[LOG] SystemI::createSoundInternal             : Create name='', mode=0x02000202
[LOG] SystemI::createSoundInternal             : exinfo->cbsize             = 224
[LOG] SystemI::createSoundInternal             : exinfo->length             = 37901600
[LOG] SystemI::createSoundInternal             : exinfo->fileoffset         = 155552
[LOG] SystemI::createSoundInternal             : exinfo->numsubsounds       = 1
[LOG] SystemI::createSoundInternal             : exinfo->inclusionlist      = 000000785268F3E8
[LOG] SystemI::createSoundInternal             : exinfo->inclusionlistnum   = 1
[LOG] SystemI::createSoundInternal             : exinfo->suggestedsoundtype = 5
[LOG] SystemI::createSoundInternal             : exinfo->useropen           = 00007FFA78D87EC0
[LOG] SystemI::createSoundInternal             : exinfo->userclose          = 00007FFA78D87E90
[LOG] SystemI::createSoundInternal             : exinfo->userread           = 00007FFA78D87F90
[LOG] SystemI::createSoundInternal             : exinfo->userseek           = 00007FFA78D88050
[LOG] SystemI::createSoundInternal             : exinfo->fileuserdata       = 000001A331574D68
[LOG] SystemI::createSoundInternal             : exinfo->initialseekpostype = 1
[LOG] SystemI::DSPCodecPoolRegister            : register codec pool for pool type 5
[LOG] SystemI::createSoundInternal             : Sample 0/1: name='Pen 1', format=5, channels=2, frequency=48000, lengthbytes=19360, lengthpcm=67709, pcmblocksize=0, loopstart=0, loopend=0, mode=0x00000000, channelmask=0x00000000, channelorder=0, peakvolume=0.947754.
[LOG] SystemI::createSoundInternal             : Create name='', mode=0x02000202
[LOG] SystemI::createSoundInternal             : exinfo->cbsize             = 224
[LOG] SystemI::createSoundInternal             : exinfo->length             = 37901600
[LOG] SystemI::createSoundInternal             : exinfo->fileoffset         = 155552
[LOG] SystemI::createSoundInternal             : exinfo->numsubsounds       = 1
[LOG] SystemI::createSoundInternal             : exinfo->inclusionlist      = 000000785268F3E8
[LOG] SystemI::createSoundInternal             : exinfo->inclusionlistnum   = 1
[LOG] SystemI::createSoundInternal             : exinfo->suggestedsoundtype = 5
[LOG] SystemI::createSoundInternal             : exinfo->useropen           = 00007FFA78D87EC0
[LOG] SystemI::createSoundInternal             : exinfo->userclose          = 00007FFA78D87E90
[LOG] SystemI::createSoundInternal             : exinfo->userread           = 00007FFA78D87F90
[LOG] SystemI::createSoundInternal             : exinfo->userseek           = 00007FFA78D88050
[LOG] SystemI::createSoundInternal             : exinfo->fileuserdata       = 000001A331574D68
[LOG] SystemI::createSoundInternal             : exinfo->initialseekpostype = 1
[LOG] SystemI::DSPCodecPoolRegister            : register codec pool for pool type 5
[LOG] SystemI::createSoundInternal             : Sample 0/1: name='Small Box 1', format=5, channels=2, frequency=48000, lengthbytes=11200, lengthpcm=42631, pcmblocksize=0, loopstart=0, loopend=0, mode=0x00000000, channelmask=0x00000000, channelorder=0, peakvolume=0.951050.
[LOG] SystemI::createSoundInternal             : Create name='', mode=0x02000202
[LOG] SystemI::createSoundInternal             : exinfo->cbsize             = 224
[LOG] SystemI::createSoundInternal             : exinfo->length             = 37901600
[LOG] SystemI::createSoundInternal             : exinfo->fileoffset         = 155552
[LOG] SystemI::createSoundInternal             : exinfo->numsubsounds       = 1
[LOG] SystemI::createSoundInternal             : exinfo->inclusionlist      = 000000785268F3E8
[LOG] SystemI::createSoundInternal             : exinfo->inclusionlistnum   = 1
[LOG] SystemI::createSoundInternal             : exinfo->suggestedsoundtype = 5
[LOG] SystemI::createSoundInternal             : exinfo->useropen           = 00007FFA78D87EC0
[LOG] SystemI::createSoundInternal             : exinfo->userclose          = 00007FFA78D87E90
[LOG] SystemI::createSoundInternal             : exinfo->userread           = 00007FFA78D87F90
[LOG] SystemI::createSoundInternal             : exinfo->userseek           = 00007FFA78D88050
[LOG] SystemI::createSoundInternal             : exinfo->fileuserdata       = 000001A331574D68
[LOG] SystemI::createSoundInternal             : exinfo->initialseekpostype = 1
[LOG] SystemI::DSPCodecPoolRegister            : register codec pool for pool type 5
[LOG] SystemI::createSoundInternal             : Sample 0/1: name='Large book 1', format=5, channels=2, frequency=48000, lengthbytes=14016, lengthpcm=53916, pcmblocksize=0, loopstart=0, loopend=0, mode=0x00000000, channelmask=0x00000000, channelorder=0, peakvolume=0.386322.
[LOG] SystemI::createSoundInternal             : Create name='', mode=0x02000202
[LOG] SystemI::createSoundInternal             : exinfo->cbsize             = 224
[LOG] SystemI::createSoundInternal             : exinfo->length             = 37901600
[LOG] SystemI::createSoundInternal             : exinfo->fileoffset         = 155552
[LOG] SystemI::createSoundInternal             : exinfo->numsubsounds       = 1
[LOG] SystemI::createSoundInternal             : exinfo->inclusionlist      = 000000785268F3E8
[LOG] SystemI::createSoundInternal             : exinfo->inclusionlistnum   = 1
[LOG] SystemI::createSoundInternal             : exinfo->suggestedsoundtype = 5
[LOG] SystemI::createSoundInternal             : exinfo->useropen           = 00007FFA78D87EC0
[LOG] SystemI::createSoundInternal             : exinfo->userclose          = 00007FFA78D87E90
[LOG] SystemI::createSoundInternal             : exinfo->userread           = 00007FFA78D87F90
[LOG] SystemI::createSoundInternal             : exinfo->userseek           = 00007FFA78D88050
[LOG] SystemI::createSoundInternal             : exinfo->fileuserdata       = 000001A331574D68
[LOG] SystemI::createSoundInternal             : exinfo->initialseekpostype = 1
[LOG] SystemI::DSPCodecPoolRegister            : register codec pool for pool type 5
[LOG] SystemI::createSoundInternal             : Sample 0/1: name='Magazine 2', format=5, channels=2, frequency=48000, lengthbytes=26720, lengthpcm=101564, pcmblocksize=0, loopstart=0, loopend=0, mode=0x00000000, channelmask=0x00000000, channelorder=0, peakvolume=0.731079.
[LOG] SystemI::createSoundInternal             : Create name='', mode=0x02000202
[LOG] SystemI::createSoundInternal             : exinfo->cbsize             = 224
[LOG] SystemI::createSoundInternal             : exinfo->length             = 37901600
[LOG] SystemI::createSoundInternal             : exinfo->fileoffset         = 155552
[LOG] SystemI::createSoundInternal             : exinfo->numsubsounds       = 1
[LOG] SystemI::createSoundInternal             : exinfo->inclusionlist      = 000000785268F3E8
[LOG] SystemI::createSoundInternal             : exinfo->inclusionlistnum   = 1
[LOG] SystemI::createSoundInternal             : exinfo->suggestedsoundtype = 5
[LOG] SystemI::createSoundInternal             : exinfo->useropen           = 00007FFA78D87EC0
[LOG] SystemI::createSoundInternal             : exinfo->userclose          = 00007FFA78D87E90
[LOG] SystemI::createSoundInternal             : exinfo->userread           = 00007FFA78D87F90
[LOG] SystemI::createSoundInternal             : exinfo->userseek           = 00007FFA78D88050
[LOG] SystemI::createSoundInternal             : exinfo->fileuserdata       = 000001A331574D68
[LOG] SystemI::createSoundInternal             : exinfo->initialseekpostype = 1
[LOG] SystemI::DSPCodecPoolRegister            : register codec pool for pool type 5
[LOG] SystemI::createSoundInternal             : Sample 0/1: name='glitch 7', format=5, channels=2, frequency=48000, lengthbytes=50816, lengthpcm=267075, pcmblocksize=0, loopstart=0, loopend=0, mode=0x00000000, channelmask=0x00000000, channelorder=0, peakvolume=0.982300.
[LOG] SystemI::createSoundInternal             : Create name='', mode=0x02000202
[LOG] SystemI::createSoundInternal             : exinfo->cbsize             = 224
[LOG] SystemI::createSoundInternal             : exinfo->length             = 37901600
[LOG] SystemI::createSoundInternal             : exinfo->fileoffset         = 155552
[LOG] SystemI::createSoundInternal             : exinfo->numsubsounds       = 1
[LOG] SystemI::createSoundInternal             : exinfo->inclusionlist      = 000000785268F3E8
[LOG] SystemI::createSoundInternal             : exinfo->inclusionlistnum   = 1
[LOG] SystemI::createSoundInternal             : exinfo->suggestedsoundtype = 5
[LOG] SystemI::createSoundInternal             : exinfo->useropen           = 00007FFA78D87EC0
[LOG] SystemI::createSoundInternal             : exinfo->userclose          = 00007FFA78D87E90
[LOG] SystemI::createSoundInternal             : exinfo->userread           = 00007FFA78D87F90
[LOG] SystemI::createSoundInternal             : exinfo->userseek           = 00007FFA78D88050
[LOG] SystemI::createSoundInternal             : exinfo->fileuserdata       = 000001A331574D68
[LOG] SystemI::createSoundInternal             : exinfo->initialseekpostype = 1
[LOG] SystemI::DSPCodecPoolRegister            : register codec pool for pool type 5
[LOG] SystemI::createSoundInternal             : Sample 0/1: name='Magazine 4', format=5, channels=2, frequency=48000, lengthbytes=19296, lengthpcm=75232, pcmblocksize=0, loopstart=0, loopend=0, mode=0x00000000, channelmask=0x00000000, channelorder=0, peakvolume=0.942017.
[LOG] SystemI::createSoundInternal             : Create name='', mode=0x02000202
[LOG] SystemI::createSoundInternal             : exinfo->cbsize             = 224
[LOG] SystemI::createSoundInternal             : exinfo->length             = 37901600
[LOG] SystemI::createSoundInternal             : exinfo->fileoffset         = 155552
[LOG] SystemI::createSoundInternal             : exinfo->numsubsounds       = 1
[LOG] SystemI::createSoundInternal             : exinfo->inclusionlist      = 000000785268F3E8
[LOG] SystemI::createSoundInternal             : exinfo->inclusionlistnum   = 1
[LOG] SystemI::createSoundInternal             : exinfo->suggestedsoundtype = 5
[LOG] SystemI::createSoundInternal             : exinfo->useropen           = 00007FFA78D87EC0
[LOG] SystemI::createSoundInternal             : exinfo->userclose          = 00007FFA78D87E90
[LOG] SystemI::createSoundInternal             : exinfo->userread           = 00007FFA78D87F90
[LOG] SystemI::createSoundInternal             : exinfo->userseek           = 00007FFA78D88050
[LOG] SystemI::createSoundInternal             : exinfo->fileuserdata       = 000001A331574D68
[LOG] SystemI::createSoundInternal             : exinfo->initialseekpostype = 1
[LOG] SystemI::DSPCodecPoolRegister            : register codec pool for pool type 5
[LOG] SystemI::createSoundInternal             : Sample 0/1: name='Liquid Bottle 1', format=5, channels=2, frequency=48000, lengthbytes=10624, lengthpcm=40124, pcmblocksize=0, loopstart=0, loopend=0, mode=0x00000000, channelmask=0x00000000, channelorder=0, peakvolume=0.988800.
[LOG] SystemI::createSoundInternal             : Create name='', mode=0x02000202
[LOG] SystemI::createSoundInternal             : exinfo->cbsize             = 224
[LOG] SystemI::createSoundInternal             : exinfo->length             = 37901600
[LOG] SystemI::createSoundInternal             : exinfo->fileoffset         = 155552
[LOG] SystemI::createSoundInternal             : exinfo->numsubsounds       = 1
[LOG] SystemI::createSoundInternal             : exinfo->inclusionlist      = 000000785268F3E8
[LOG] SystemI::createSoundInternal             : exinfo->inclusionlistnum   = 1
[LOG] SystemI::createSoundInternal             : exinfo->suggestedsoundtype = 5
[LOG] SystemI::createSoundInternal             : exinfo->useropen           = 00007FFA78D87EC0
[LOG] SystemI::createSoundInternal             : exinfo->userclose          = 00007FFA78D87E90
[LOG] SystemI::createSoundInternal             : exinfo->userread           = 00007FFA78D87F90
[LOG] SystemI::createSoundInternal             : exinfo->userseek           = 00007FFA78D88050
[LOG] SystemI::createSoundInternal             : exinfo->fileuserdata       = 000001A331574D68
[LOG] SystemI::createSoundInternal             : exinfo->initialseekpostype = 1
[LOG] SystemI::DSPCodecPoolRegister            : register codec pool for pool type 5
[LOG] SystemI::createSoundInternal             : Sample 0/1: name='Pen 3', format=5, channels=2, frequency=48000, lengthbytes=22048, lengthpcm=77740, pcmblocksize=0, loopstart=0, loopend=0, mode=0x00000000, channelmask=0x00000000, channelorder=0, peakvolume=0.918762.
[LOG] SystemI::createSoundInternal             : Create name='', mode=0x02000202
[LOG] SystemI::createSoundInternal             : exinfo->cbsize             = 224
[LOG] SystemI::createSoundInternal             : exinfo->length             = 37901600
[LOG] SystemI::createSoundInternal             : exinfo->fileoffset         = 155552
[LOG] SystemI::createSoundInternal             : exinfo->numsubsounds       = 1
[LOG] SystemI::createSoundInternal             : exinfo->inclusionlist      = 000000785268F3E8
[LOG] SystemI::createSoundInternal             : exinfo->inclusionlistnum   = 1
[LOG] SystemI::createSoundInternal             : exinfo->suggestedsoundtype = 5
[LOG] SystemI::createSoundInternal             : exinfo->useropen           = 00007FFA78D87EC0
[LOG] SystemI::createSoundInternal             : exinfo->userclose          = 00007FFA78D87E90
[LOG] SystemI::createSoundInternal             : exinfo->userread           = 00007FFA78D87F90
[LOG] SystemI::createSoundInternal             : exinfo->userseek           = 00007FFA78D88050
[LOG] SystemI::createSoundInternal             : exinfo->fileuserdata       = 000001A331574D68
[LOG] SystemI::createSoundInternal             : exinfo->initialseekpostype = 1
[LOG] SystemI::DSPCodecPoolRegister            : register codec pool for pool type 5
[LOG] SystemI::createSoundInternal             : Sample 0/1: name='glitch 8', format=5, channels=2, frequency=48000, lengthbytes=51872, lengthpcm=267075, pcmblocksize=0, loopstart=0, loopend=0, mode=0x00000000, channelmask=0x00000000, channelorder=0, peakvolume=0.935913.
[LOG] SystemI::createSoundInternal             : Create name='', mode=0x02000202
[LOG] SystemI::createSoundInternal             : exinfo->cbsize             = 224
[LOG] SystemI::createSoundInternal             : exinfo->length             = 37901600
[LOG] SystemI::createSoundInternal             : exinfo->fileoffset         = 155552
[LOG] SystemI::createSoundInternal             : exinfo->numsubsounds       = 1
[LOG] SystemI::createSoundInternal             : exinfo->inclusionlist      = 000000785268F3E8
[LOG] SystemI::createSoundInternal             : exinfo->inclusionlistnum   = 1
[LOG] SystemI::createSoundInternal             : exinfo->suggestedsoundtype = 5
[LOG] SystemI::createSoundInternal             : exinfo->useropen           = 00007FFA78D87EC0
[LOG] SystemI::createSoundInternal             : exinfo->userclose          = 00007FFA78D87E90
[LOG] SystemI::createSoundInternal             : exinfo->userread           = 00007FFA78D87F90
[LOG] SystemI::createSoundInternal             : exinfo->userseek           = 00007FFA78D88050
[LOG] SystemI::createSoundInternal             : exinfo->fileuserdata       = 000001A331574D68
[LOG] SystemI::createSoundInternal             : exinfo->initialseekpostype = 1
[LOG] SystemI::DSPCodecPoolRegister            : register codec pool for pool type 5
[LOG] SystemI::createSoundInternal             : Sample 0/1: name='glitch 6', format=5, channels=2, frequency=48000, lengthbytes=50816, lengthpcm=267075, pcmblocksize=0, loopstart=0, loopend=0, mode=0x00000000, channelmask=0x00000000, channelorder=0, peakvolume=0.952911.
[LOG] SystemI::createSoundInternal             : Create name='', mode=0x02000202
[LOG] SystemI::createSoundInternal             : exinfo->cbsize             = 224
[LOG] SystemI::createSoundInternal             : exinfo->length             = 37901600
[LOG] SystemI::createSoundInternal             : exinfo->fileoffset         = 155552
[LOG] SystemI::createSoundInternal             : exinfo->numsubsounds       = 1
[LOG] SystemI::createSoundInternal             : exinfo->inclusionlist      = 000000785268F3E8
[LOG] SystemI::createSoundInternal             : exinfo->inclusionlistnum   = 1
[LOG] SystemI::createSoundInternal             : exinfo->suggestedsoundtype = 5
[LOG] SystemI::createSoundInternal             : exinfo->useropen           = 00007FFA78D87EC0
[LOG] SystemI::createSoundInternal             : exinfo->userclose          = 00007FFA78D87E90
[LOG] SystemI::createSoundInternal             : exinfo->userread           = 00007FFA78D87F90
[LOG] SystemI::createSoundInternal             : exinfo->userseek           = 00007FFA78D88050
[LOG] SystemI::createSoundInternal             : exinfo->fileuserdata       = 000001A331574D68
[LOG] SystemI::createSoundInternal             : exinfo->initialseekpostype = 1
[LOG] SystemI::DSPCodecPoolRegister            : register codec pool for pool type 5
[LOG] SystemI::createSoundInternal             : Sample 0/1: name='glitch 2', format=5, channels=2, frequency=48000, lengthbytes=40896, lengthpcm=267075, pcmblocksize=0, loopstart=0, loopend=0, mode=0x00000000, channelmask=0x00000000, channelorder=0, peakvolume=0.827026.
[LOG] SystemI::createSoundInternal             : Create name='', mode=0x02000202
[LOG] SystemI::createSoundInternal             : exinfo->cbsize             = 224
[LOG] SystemI::createSoundInternal             : exinfo->length             = 37901600
[LOG] SystemI::createSoundInternal             : exinfo->fileoffset         = 155552
[LOG] SystemI::createSoundInternal             : exinfo->numsubsounds       = 1
[LOG] SystemI::createSoundInternal             : exinfo->inclusionlist      = 000000785268F3E8
[LOG] SystemI::createSoundInternal             : exinfo->inclusionlistnum   = 1
[LOG] SystemI::createSoundInternal             : exinfo->suggestedsoundtype = 5
[LOG] SystemI::createSoundInternal             : exinfo->useropen           = 00007FFA78D87EC0
[LOG] SystemI::createSoundInternal             : exinfo->userclose          = 00007FFA78D87E90
[LOG] SystemI::createSoundInternal             : exinfo->userread           = 00007FFA78D87F90
[LOG] SystemI::createSoundInternal             : exinfo->userseek           = 00007FFA78D88050
[LOG] SystemI::createSoundInternal             : exinfo->fileuserdata       = 000001A331574D68
[LOG] SystemI::createSoundInternal             : exinfo->initialseekpostype = 1
[LOG] SystemI::DSPCodecPoolRegister            : register codec pool for pool type 5
[LOG] SystemI::createSoundInternal             : Sample 0/1: name='Liquid Bottle 4', format=5, channels=2, frequency=48000, lengthbytes=13024, lengthpcm=43885, pcmblocksize=0, loopstart=0, loopend=0, mode=0x00000000, channelmask=0x00000000, channelorder=0, peakvolume=0.983856.
[LOG] SystemI::createSoundInternal             : Create name='', mode=0x02000202
[LOG] SystemI::createSoundInternal             : exinfo->cbsize             = 224
[LOG] SystemI::createSoundInternal             : exinfo->length             = 37901600
[LOG] SystemI::createSoundInternal             : exinfo->fileoffset         = 155552
[LOG] SystemI::createSoundInternal             : exinfo->numsubsounds       = 1
[LOG] SystemI::createSoundInternal             : exinfo->inclusionlist      = 000000785268F3E8
[LOG] SystemI::createSoundInternal             : exinfo->inclusionlistnum   = 1
[LOG] SystemI::createSoundInternal             : exinfo->suggestedsoundtype = 5
[LOG] SystemI::createSoundInternal             : exinfo->useropen           = 00007FFA78D87EC0
[LOG] SystemI::createSoundInternal             : exinfo->userclose          = 00007FFA78D87E90
[LOG] SystemI::createSoundInternal             : exinfo->userread           = 00007FFA78D87F90
[LOG] SystemI::createSoundInternal             : exinfo->userseek           = 00007FFA78D88050
[LOG] SystemI::createSoundInternal             : exinfo->fileuserdata       = 000001A331574D68
[LOG] SystemI::createSoundInternal             : exinfo->initialseekpostype = 1
[LOG] SystemI::DSPCodecPoolRegister            : register codec pool for pool type 5
[LOG] SystemI::createSoundInternal             : Sample 0/1: name='Plate 3', format=5, channels=2, frequency=48000, lengthbytes=12608, lengthpcm=47647, pcmblocksize=0, loopstart=0, loopend=0, mode=0x00000000, channelmask=0x00000000, channelorder=0, peakvolume=0.988129.
[LOG] SystemI::createSoundInternal             : Create name='', mode=0x02000202
[LOG] SystemI::createSoundInternal             : exinfo->cbsize             = 224
[LOG] SystemI::createSoundInternal             : exinfo->length             = 37901600
[LOG] SystemI::createSoundInternal             : exinfo->fileoffset         = 155552
[LOG] SystemI::createSoundInternal             : exinfo->numsubsounds       = 1
[LOG] SystemI::createSoundInternal             : exinfo->inclusionlist      = 000000785268F3E8
[LOG] SystemI::createSoundInternal             : exinfo->inclusionlistnum   = 1
[LOG] SystemI::createSoundInternal             : exinfo->suggestedsoundtype = 5
[LOG] SystemI::createSoundInternal             : exinfo->useropen           = 00007FFA78D87EC0
[LOG] SystemI::createSoundInternal             : exinfo->userclose          = 00007FFA78D87E90
[LOG] SystemI::createSoundInternal             : exinfo->userread           = 00007FFA78D87F90
[LOG] SystemI::createSoundInternal             : exinfo->userseek           = 00007FFA78D88050
[LOG] SystemI::createSoundInternal             : exinfo->fileuserdata       = 000001A331574D68
[LOG] SystemI::createSoundInternal             : exinfo->initialseekpostype = 1
[LOG] SystemI::DSPCodecPoolRegister            : register codec pool for pool type 5
[LOG] SystemI::createSoundInternal             : Sample 0/1: name='Small Box 5', format=5, channels=2, frequency=48000, lengthbytes=11744, lengthpcm=43885, pcmblocksize=0, loopstart=0, loopend=0, mode=0x00000000, channelmask=0x00000000, channelorder=0, peakvolume=0.998108.
[LOG] SystemI::createSoundInternal             : Create name='', mode=0x02000202
[LOG] SystemI::createSoundInternal             : exinfo->cbsize             = 224
[LOG] SystemI::createSoundInternal             : exinfo->length             = 37901600
[LOG] SystemI::createSoundInternal             : exinfo->fileoffset         = 155552
[LOG] SystemI::createSoundInternal             : exinfo->numsubsounds       = 1
[LOG] SystemI::createSoundInternal             : exinfo->inclusionlist      = 000000785268F3E8
[LOG] SystemI::createSoundInternal             : exinfo->inclusionlistnum   = 1
[LOG] SystemI::createSoundInternal             : exinfo->suggestedsoundtype = 5
[LOG] SystemI::createSoundInternal             : exinfo->useropen           = 00007FFA78D87EC0
[LOG] SystemI::createSoundInternal             : exinfo->userclose          = 00007FFA78D87E90
[LOG] SystemI::createSoundInternal             : exinfo->userread           = 00007FFA78D87F90
[LOG] SystemI::createSoundInternal             : exinfo->userseek           = 00007FFA78D88050
[LOG] SystemI::createSoundInternal             : exinfo->fileuserdata       = 000001A331574D68
[LOG] SystemI::createSoundInternal             : exinfo->initialseekpostype = 1
[LOG] SystemI::DSPCodecPoolRegister            : register codec pool for pool type 5
[LOG] SystemI::createSoundInternal             : Sample 0/1: name='Small Box 2', format=5, channels=2, frequency=48000, lengthbytes=9216, lengthpcm=36362, pcmblocksize=0, loopstart=0, loopend=0, mode=0x00000000, channelmask=0x00000000, channelorder=0, peakvolume=0.370605.
[LOG] SystemI::createSoundInternal             : Create name='', mode=0x02000202
[LOG] SystemI::createSoundInternal             : exinfo->cbsize             = 224
[LOG] SystemI::createSoundInternal             : exinfo->length             = 37901600
[LOG] SystemI::createSoundInternal             : exinfo->fileoffset         = 155552
[LOG] SystemI::createSoundInternal             : exinfo->numsubsounds       = 1
[LOG] SystemI::createSoundInternal             : exinfo->inclusionlist      = 000000785268F3E8
[LOG] SystemI::createSoundInternal             : exinfo->inclusionlistnum   = 1
[LOG] SystemI::createSoundInternal             : exinfo->suggestedsoundtype = 5
[LOG] SystemI::createSoundInternal             : exinfo->useropen           = 00007FFA78D87EC0
[LOG] SystemI::createSoundInternal             : exinfo->userclose          = 00007FFA78D87E90
[LOG] SystemI::createSoundInternal             : exinfo->userread           = 00007FFA78D87F90
[LOG] SystemI::createSoundInternal             : exinfo->userseek           = 00007FFA78D88050
[LOG] SystemI::createSoundInternal             : exinfo->fileuserdata       = 000001A331574D68
[LOG] SystemI::createSoundInternal             : exinfo->initialseekpostype = 1
[LOG] SystemI::DSPCodecPoolRegister            : register codec pool for pool type 5
[LOG] SystemI::createSoundInternal             : Sample 0/1: name='glitch 11', format=5, channels=2, frequency=48000, lengthbytes=50816, lengthpcm=267075, pcmblocksize=0, loopstart=0, loopend=0, mode=0x00000000, channelmask=0x00000000, channelorder=0, peakvolume=0.990997.
[LOG] SystemI::createSoundInternal             : Create name='', mode=0x02000202
[LOG] SystemI::createSoundInternal             : exinfo->cbsize             = 224
[LOG] SystemI::createSoundInternal             : exinfo->length             = 37901600
[LOG] SystemI::createSoundInternal             : exinfo->fileoffset         = 155552
[LOG] SystemI::createSoundInternal             : exinfo->numsubsounds       = 1
[LOG] SystemI::createSoundInternal             : exinfo->inclusionlist      = 000000785268F3E8
[LOG] SystemI::createSoundInternal             : exinfo->inclusionlistnum   = 1
[LOG] SystemI::createSoundInternal             : exinfo->suggestedsoundtype = 5
[LOG] SystemI::createSoundInternal             : exinfo->useropen           = 00007FFA78D87EC0
[LOG] SystemI::createSoundInternal             : exinfo->userclose          = 00007FFA78D87E90
[LOG] SystemI::createSoundInternal             : exinfo->userread           = 00007FFA78D87F90
[LOG] SystemI::createSoundInternal             : exinfo->userseek           = 00007FFA78D88050
[LOG] SystemI::createSoundInternal             : exinfo->fileuserdata       = 000001A331574D68
[LOG] SystemI::createSoundInternal             : exinfo->initialseekpostype = 1
[LOG] SystemI::DSPCodecPoolRegister            : register codec pool for pool type 5
[LOG] SystemI::createSoundInternal             : Sample 0/1: name='Large book 5', format=5, channels=2, frequency=48000, lengthbytes=16160, lengthpcm=62693, pcmblocksize=0, loopstart=0, loopend=0, mode=0x00000000, channelmask=0x00000000, channelorder=0, peakvolume=0.986969.
[LOG] SystemI::createSoundInternal             : Create name='', mode=0x02000202
[LOG] SystemI::createSoundInternal             : exinfo->cbsize             = 224
[LOG] SystemI::createSoundInternal             : exinfo->length             = 37901600
[LOG] SystemI::createSoundInternal             : exinfo->fileoffset         = 155552
[LOG] SystemI::createSoundInternal             : exinfo->numsubsounds       = 1
[LOG] SystemI::createSoundInternal             : exinfo->inclusionlist      = 000000785268F3E8
[LOG] SystemI::createSoundInternal             : exinfo->inclusionlistnum   = 1
[LOG] SystemI::createSoundInternal             : exinfo->suggestedsoundtype = 5
[LOG] SystemI::createSoundInternal             : exinfo->useropen           = 00007FFA78D87EC0
[LOG] SystemI::createSoundInternal             : exinfo->userclose          = 00007FFA78D87E90
[LOG] SystemI::createSoundInternal             : exinfo->userread           = 00007FFA78D87F90
[LOG] SystemI::createSoundInternal             : exinfo->userseek           = 00007FFA78D88050
[LOG] SystemI::createSoundInternal             : exinfo->fileuserdata       = 000001A331574D68
[LOG] SystemI::createSoundInternal             : exinfo->initialseekpostype = 1
[LOG] SystemI::DSPCodecPoolRegister            : register codec pool for pool type 5
[LOG] SystemI::createSoundInternal             : Sample 0/1: name='Magazine 3', format=5, channels=2, frequency=48000, lengthbytes=20128, lengthpcm=77740, pcmblocksize=0, loopstart=0, loopend=0, mode=0x00000000, channelmask=0x00000000, channelorder=0, peakvolume=0.923706.
[LOG] SystemI::createSoundInternal             : Create name='', mode=0x02000202
[LOG] SystemI::createSoundInternal             : exinfo->cbsize             = 224
[LOG] SystemI::createSoundInternal             : exinfo->length             = 37901600
[LOG] SystemI::createSoundInternal             : exinfo->fileoffset         = 155552
[LOG] SystemI::createSoundInternal             : exinfo->numsubsounds       = 1
[LOG] SystemI::createSoundInternal             : exinfo->inclusionlist      = 000000785268F3E8
[LOG] SystemI::createSoundInternal             : exinfo->inclusionlistnum   = 1
[LOG] SystemI::createSoundInternal             : exinfo->suggestedsoundtype = 5
[LOG] SystemI::createSoundInternal             : exinfo->useropen           = 00007FFA78D87EC0
[LOG] SystemI::createSoundInternal             : exinfo->userclose          = 00007FFA78D87E90
[LOG] SystemI::createSoundInternal             : exinfo->userread           = 00007FFA78D87F90
[LOG] SystemI::createSoundInternal             : exinfo->userseek           = 00007FFA78D88050
[LOG] SystemI::createSoundInternal             : exinfo->fileuserdata       = 000001A331574D68
[LOG] SystemI::createSoundInternal             : exinfo->initialseekpostype = 1
[LOG] SystemI::DSPCodecPoolRegister            : register codec pool for pool type 5
[LOG] SystemI::createSoundInternal             : Sample 0/1: name='Liquid Bottle 2', format=5, channels=2, frequency=48000, lengthbytes=14208, lengthpcm=53916, pcmblocksize=0, loopstart=0, loopend=0, mode=0x00000000, channelmask=0x00000000, channelorder=0, peakvolume=0.994476.
[LOG] SystemI::createSoundInternal             : Create name='', mode=0x02000202
[LOG] SystemI::createSoundInternal             : exinfo->cbsize             = 224
[LOG] SystemI::createSoundInternal             : exinfo->length             = 37901600
[LOG] SystemI::createSoundInternal             : exinfo->fileoffset         = 155552
[LOG] SystemI::createSoundInternal             : exinfo->numsubsounds       = 1
[LOG] SystemI::createSoundInternal             : exinfo->inclusionlist      = 000000785268F3E8
[LOG] SystemI::createSoundInternal             : exinfo->inclusionlistnum   = 1
[LOG] SystemI::createSoundInternal             : exinfo->suggestedsoundtype = 5
[LOG] SystemI::createSoundInternal             : exinfo->useropen           = 00007FFA78D87EC0
[LOG] SystemI::createSoundInternal             : exinfo->userclose          = 00007FFA78D87E90
[LOG] SystemI::createSoundInternal             : exinfo->userread           = 00007FFA78D87F90
[LOG] SystemI::createSoundInternal             : exinfo->userseek           = 00007FFA78D88050
[LOG] SystemI::createSoundInternal             : exinfo->fileuserdata       = 000001A331574D68
[LOG] SystemI::createSoundInternal             : exinfo->initialseekpostype = 1
[LOG] SystemI::DSPCodecPoolRegister            : register codec pool for pool type 5
[LOG] SystemI::createSoundInternal             : Sample 0/1: name='glitch 5', format=5, channels=2, frequency=48000, lengthbytes=30016, lengthpcm=267075, pcmblocksize=0, loopstart=0, loopend=0, mode=0x00000000, channelmask=0x00000000, channelorder=0, peakvolume=0.986877.
[LOG] SystemI::createSoundInternal             : Create name='', mode=0x02000202
[LOG] SystemI::createSoundInternal             : exinfo->cbsize             = 224
[LOG] SystemI::createSoundInternal             : exinfo->length             = 37901600
[LOG] SystemI::createSoundInternal             : exinfo->fileoffset         = 155552
[LOG] SystemI::createSoundInternal             : exinfo->numsubsounds       = 1
[LOG] SystemI::createSoundInternal             : exinfo->inclusionlist      = 000000785268F3E8
[LOG] SystemI::createSoundInternal             : exinfo->inclusionlistnum   = 1
[LOG] SystemI::createSoundInternal             : exinfo->suggestedsoundtype = 5
[LOG] SystemI::createSoundInternal             : exinfo->useropen           = 00007FFA78D87EC0
[LOG] SystemI::createSoundInternal             : exinfo->userclose          = 00007FFA78D87E90
[LOG] SystemI::createSoundInternal             : exinfo->userread           = 00007FFA78D87F90
[LOG] SystemI::createSoundInternal             : exinfo->userseek           = 00007FFA78D88050
[LOG] SystemI::createSoundInternal             : exinfo->fileuserdata       = 000001A331574D68
[LOG] SystemI::createSoundInternal             : exinfo->initialseekpostype = 1
[LOG] SystemI::DSPCodecPoolRegister            : register codec pool for pool type 5
[LOG] SystemI::createSoundInternal             : Sample 0/1: name='Liquid Bottle 5', format=5, channels=2, frequency=48000, lengthbytes=15168, lengthpcm=51408, pcmblocksize=0, loopstart=0, loopend=0, mode=0x00000000, channelmask=0x00000000, channelorder=0, peakvolume=0.964142.
[LOG] SystemI::createSoundInternal             : Create name='', mode=0x02000202
[LOG] SystemI::createSoundInternal             : exinfo->cbsize             = 224
[LOG] SystemI::createSoundInternal             : exinfo->length             = 37901600
[LOG] SystemI::createSoundInternal             : exinfo->fileoffset         = 155552
[LOG] SystemI::createSoundInternal             : exinfo->numsubsounds       = 1
[LOG] SystemI::createSoundInternal             : exinfo->inclusionlist      = 000000785268F3E8
[LOG] SystemI::createSoundInternal             : exinfo->inclusionlistnum   = 1
[LOG] SystemI::createSoundInternal             : exinfo->suggestedsoundtype = 5
[LOG] SystemI::createSoundInternal             : exinfo->useropen           = 00007FFA78D87EC0
[LOG] SystemI::createSoundInternal             : exinfo->userclose          = 00007FFA78D87E90
[LOG] SystemI::createSoundInternal             : exinfo->userread           = 00007FFA78D87F90
[LOG] SystemI::createSoundInternal             : exinfo->userseek           = 00007FFA78D88050
[LOG] SystemI::createSoundInternal             : exinfo->fileuserdata       = 000001A331574D68
[LOG] SystemI::createSoundInternal             : exinfo->initialseekpostype = 1
[LOG] SystemI::DSPCodecPoolRegister            : register codec pool for pool type 5
[LOG] SystemI::createSoundInternal             : Sample 0/1: name='Pen 4', format=5, channels=2, frequency=48000, lengthbytes=19968, lengthpcm=65201, pcmblocksize=0, loopstart=0, loopend=0, mode=0x00000000, channelmask=0x00000000, channelorder=0, peakvolume=0.990234.
[LOG] SystemI::createSoundInternal             : Create name='', mode=0x02000202
[LOG] SystemI::createSoundInternal             : exinfo->cbsize             = 224
[LOG] SystemI::createSoundInternal             : exinfo->length             = 37901600
[LOG] SystemI::createSoundInternal             : exinfo->fileoffset         = 155552
[LOG] SystemI::createSoundInternal             : exinfo->numsubsounds       = 1
[LOG] SystemI::createSoundInternal             : exinfo->inclusionlist      = 000000785268F3E8
[LOG] SystemI::createSoundInternal             : exinfo->inclusionlistnum   = 1
[LOG] SystemI::createSoundInternal             : exinfo->suggestedsoundtype = 5
[LOG] SystemI::createSoundInternal             : exinfo->useropen           = 00007FFA78D87EC0
[LOG] SystemI::createSoundInternal             : exinfo->userclose          = 00007FFA78D87E90
[LOG] SystemI::createSoundInternal             : exinfo->userread           = 00007FFA78D87F90
[LOG] SystemI::createSoundInternal             : exinfo->userseek           = 00007FFA78D88050
[LOG] SystemI::createSoundInternal             : exinfo->fileuserdata       = 000001A331574D68
[LOG] SystemI::createSoundInternal             : exinfo->initialseekpostype = 1
[LOG] SystemI::DSPCodecPoolRegister            : register codec pool for pool type 5
[LOG] SystemI::createSoundInternal             : Sample 0/1: name='Small Box 4', format=5, channels=2, frequency=48000, lengthbytes=10336, lengthpcm=40124, pcmblocksize=0, loopstart=0, loopend=0, mode=0x00000000, channelmask=0x00000000, channelorder=0, peakvolume=0.819763.
[LOG] SystemI::createSoundInternal             : Create name='', mode=0x02000202
[LOG] SystemI::createSoundInternal             : exinfo->cbsize             = 224
[LOG] SystemI::createSoundInternal             : exinfo->length             = 37901600
[LOG] SystemI::createSoundInternal             : exinfo->fileoffset         = 155552
[LOG] SystemI::createSoundInternal             : exinfo->numsubsounds       = 1
[LOG] SystemI::createSoundInternal             : exinfo->inclusionlist      = 000000785268F3E8
[LOG] SystemI::createSoundInternal             : exinfo->inclusionlistnum   = 1
[LOG] SystemI::createSoundInternal             : exinfo->suggestedsoundtype = 5
[LOG] SystemI::createSoundInternal             : exinfo->useropen           = 00007FFA78D87EC0
[LOG] SystemI::createSoundInternal             : exinfo->userclose          = 00007FFA78D87E90
[LOG] SystemI::createSoundInternal             : exinfo->userread           = 00007FFA78D87F90
[LOG] SystemI::createSoundInternal             : exinfo->userseek           = 00007FFA78D88050
[LOG] SystemI::createSoundInternal             : exinfo->fileuserdata       = 000001A331574D68
[LOG] SystemI::createSoundInternal             : exinfo->initialseekpostype = 1
[LOG] SystemI::DSPCodecPoolRegister            : register codec pool for pool type 5
[LOG] SystemI::createSoundInternal             : Sample 0/1: name='glitch 13 long', format=5, channels=2, frequency=48000, lengthbytes=64480, lengthpcm=267075, pcmblocksize=0, loopstart=0, loopend=0, mode=0x00000000, channelmask=0x00000000, channelorder=0, peakvolume=0.961975.
[LOG] SystemI::createSoundInternal             : Create name='', mode=0x02000202
[LOG] SystemI::createSoundInternal             : exinfo->cbsize             = 224
[LOG] SystemI::createSoundInternal             : exinfo->length             = 37901600
[LOG] SystemI::createSoundInternal             : exinfo->fileoffset         = 155552
[LOG] SystemI::createSoundInternal             : exinfo->numsubsounds       = 1
[LOG] SystemI::createSoundInternal             : exinfo->inclusionlist      = 000000785268F3E8
[LOG] SystemI::createSoundInternal             : exinfo->inclusionlistnum   = 1
[LOG] SystemI::createSoundInternal             : exinfo->suggestedsoundtype = 5
[LOG] SystemI::createSoundInternal             : exinfo->useropen           = 00007FFA78D87EC0
[LOG] SystemI::createSoundInternal             : exinfo->userclose          = 00007FFA78D87E90
[LOG] SystemI::createSoundInternal             : exinfo->userread           = 00007FFA78D87F90
[LOG] SystemI::createSoundInternal             : exinfo->userseek           = 00007FFA78D88050
[LOG] SystemI::createSoundInternal             : exinfo->fileuserdata       = 000001A331574D68
[LOG] SystemI::createSoundInternal             : exinfo->initialseekpostype = 1
[LOG] SystemI::DSPCodecPoolRegister            : register codec pool for pool type 5
[LOG] SystemI::createSoundInternal             : Sample 0/1: name='Magazine 1', format=5, channels=2, frequency=48000, lengthbytes=9280, lengthpcm=32600, pcmblocksize=0, loopstart=0, loopend=0, mode=0x00000000, channelmask=0x00000000, channelorder=0, peakvolume=0.567108.
[LOG] SystemI::createSoundInternal             : Create name='', mode=0x02000202
[LOG] SystemI::createSoundInternal             : exinfo->cbsize             = 224
[LOG] SystemI::createSoundInternal             : exinfo->length             = 37901600
[LOG] SystemI::createSoundInternal             : exinfo->fileoffset         = 155552
[LOG] SystemI::createSoundInternal             : exinfo->numsubsounds       = 1
[LOG] SystemI::createSoundInternal             : exinfo->inclusionlist      = 000000785268F3E8
[LOG] SystemI::createSoundInternal             : exinfo->inclusionlistnum   = 1
[LOG] SystemI::createSoundInternal             : exinfo->suggestedsoundtype = 5
[LOG] SystemI::createSoundInternal             : exinfo->useropen           = 00007FFA78D87EC0
[LOG] SystemI::createSoundInternal             : exinfo->userclose          = 00007FFA78D87E90
[LOG] SystemI::createSoundInternal             : exinfo->userread           = 00007FFA78D87F90
[LOG] SystemI::createSoundInternal             : exinfo->userseek           = 00007FFA78D88050
[LOG] SystemI::createSoundInternal             : exinfo->fileuserdata       = 000001A331574D68
[LOG] SystemI::createSoundInternal             : exinfo->initialseekpostype = 1
[LOG] SystemI::DSPCodecPoolRegister            : register codec pool for pool type 5
[LOG] SystemI::createSoundInternal             : Sample 0/1: name='glitch 1', format=5, channels=2, frequency=48000, lengthbytes=52192, lengthpcm=290899, pcmblocksize=0, loopstart=0, loopend=0, mode=0x00000000, channelmask=0x00000000, channelorder=0, peakvolume=0.973724.
[LOG] SystemI::createSoundInternal             : Create name='', mode=0x02000202
[LOG] SystemI::createSoundInternal             : exinfo->cbsize             = 224
[LOG] SystemI::createSoundInternal             : exinfo->length             = 37901600
[LOG] SystemI::createSoundInternal             : exinfo->fileoffset         = 155552
[LOG] SystemI::createSoundInternal             : exinfo->numsubsounds       = 1
[LOG] SystemI::createSoundInternal             : exinfo->inclusionlist      = 000000785268F3E8
[LOG] SystemI::createSoundInternal             : exinfo->inclusionlistnum   = 1
[LOG] SystemI::createSoundInternal             : exinfo->suggestedsoundtype = 5
[LOG] SystemI::createSoundInternal             : exinfo->useropen           = 00007FFA78D87EC0
[LOG] SystemI::createSoundInternal             : exinfo->userclose          = 00007FFA78D87E90
[LOG] SystemI::createSoundInternal             : exinfo->userread           = 00007FFA78D87F90
[LOG] SystemI::createSoundInternal             : exinfo->userseek           = 00007FFA78D88050
[LOG] SystemI::createSoundInternal             : exinfo->fileuserdata       = 000001A331574D68
[LOG] SystemI::createSoundInternal             : exinfo->initialseekpostype = 1
[LOG] SystemI::DSPCodecPoolRegister            : register codec pool for pool type 5
[LOG] SystemI::createSoundInternal             : Sample 0/1: name='Pen 2', format=5, channels=2, frequency=48000, lengthbytes=18688, lengthpcm=62693, pcmblocksize=0, loopstart=0, loopend=0, mode=0x00000000, channelmask=0x00000000, channelorder=0, peakvolume=0.969666.
[LOG] SystemI::createSoundInternal             : Create name='', mode=0x02000202
[LOG] SystemI::createSoundInternal             : exinfo->cbsize             = 224
[LOG] SystemI::createSoundInternal             : exinfo->length             = 37901600
[LOG] SystemI::createSoundInternal             : exinfo->fileoffset         = 155552
[LOG] SystemI::createSoundInternal             : exinfo->numsubsounds       = 1
[LOG] SystemI::createSoundInternal             : exinfo->inclusionlist      = 000000785268F3E8
[LOG] SystemI::createSoundInternal             : exinfo->inclusionlistnum   = 1
[LOG] SystemI::createSoundInternal             : exinfo->suggestedsoundtype = 5
[LOG] SystemI::createSoundInternal             : exinfo->useropen           = 00007FFA78D87EC0
[LOG] SystemI::createSoundInternal             : exinfo->userclose          = 00007FFA78D87E90
[LOG] SystemI::createSoundInternal             : exinfo->userread           = 00007FFA78D87F90
[LOG] SystemI::createSoundInternal             : exinfo->userseek           = 00007FFA78D88050
[LOG] SystemI::createSoundInternal             : exinfo->fileuserdata       = 000001A331574D68
[LOG] SystemI::createSoundInternal             : exinfo->initialseekpostype = 1
[LOG] SystemI::DSPCodecPoolRegister            : register codec pool for pool type 5
[LOG] SystemI::createSoundInternal             : Sample 0/1: name='glitch 9', format=5, channels=2, frequency=48000, lengthbytes=28608, lengthpcm=267075, pcmblocksize=0, loopstart=0, loopend=0, mode=0x00000000, channelmask=0x00000000, channelorder=0, peakvolume=0.963409.
[LOG] SystemI::createSoundInternal             : Create name='', mode=0x02000202
[LOG] SystemI::createSoundInternal             : exinfo->cbsize             = 224
[LOG] SystemI::createSoundInternal             : exinfo->length             = 37901600
[LOG] SystemI::createSoundInternal             : exinfo->fileoffset         = 155552
[LOG] SystemI::createSoundInternal             : exinfo->numsubsounds       = 1
[LOG] SystemI::createSoundInternal             : exinfo->inclusionlist      = 000000785268F3E8
[LOG] SystemI::createSoundInternal             : exinfo->inclusionlistnum   = 1
[LOG] SystemI::createSoundInternal             : exinfo->suggestedsoundtype = 5
[LOG] SystemI::createSoundInternal             : exinfo->useropen           = 00007FFA78D87EC0
[LOG] SystemI::createSoundInternal             : exinfo->userclose          = 00007FFA78D87E90
[LOG] SystemI::createSoundInternal             : exinfo->userread           = 00007FFA78D87F90
[LOG] SystemI::createSoundInternal             : exinfo->userseek           = 00007FFA78D88050
[LOG] SystemI::createSoundInternal             : exinfo->fileuserdata       = 000001A331574D68
[LOG] SystemI::createSoundInternal             : exinfo->initialseekpostype = 1
[LOG] SystemI::DSPCodecPoolRegister            : register codec pool for pool type 5
[LOG] SystemI::createSoundInternal             : Sample 0/1: name='glitch 3', format=5, channels=2, frequency=48000, lengthbytes=39680, lengthpcm=267075, pcmblocksize=0, loopstart=0, loopend=0, mode=0x00000000, channelmask=0x00000000, channelorder=0, peakvolume=0.972168.
[LOG] SystemI::createSoundInternal             : Create name='', mode=0x02000202
[LOG] SystemI::createSoundInternal             : exinfo->cbsize             = 224
[LOG] SystemI::createSoundInternal             : exinfo->length             = 37901600
[LOG] SystemI::createSoundInternal             : exinfo->fileoffset         = 155552
[LOG] SystemI::createSoundInternal             : exinfo->numsubsounds       = 1
[LOG] SystemI::createSoundInternal             : exinfo->inclusionlist      = 000000785268F3E8
[LOG] SystemI::createSoundInternal             : exinfo->inclusionlistnum   = 1
[LOG] SystemI::createSoundInternal             : exinfo->suggestedsoundtype = 5
[LOG] SystemI::createSoundInternal             : exinfo->useropen           = 00007FFA78D87EC0
[LOG] SystemI::createSoundInternal             : exinfo->userclose          = 00007FFA78D87E90
[LOG] SystemI::createSoundInternal             : exinfo->userread           = 00007FFA78D87F90
[LOG] SystemI::createSoundInternal             : exinfo->userseek           = 00007FFA78D88050
[LOG] SystemI::createSoundInternal             : exinfo->fileuserdata       = 000001A331574D68
[LOG] SystemI::createSoundInternal             : exinfo->initialseekpostype = 1
[LOG] SystemI::DSPCodecPoolRegister            : register codec pool for pool type 5
[LOG] SystemI::createSoundInternal             : Sample 0/1: name='Small Box 3', format=5, channels=2, frequency=48000, lengthbytes=9536, lengthpcm=40124, pcmblocksize=0, loopstart=0, loopend=0, mode=0x00000000, channelmask=0x00000000, channelorder=0, peakvolume=0.573120.
[LOG] SystemI::createSoundInternal             : Create name='', mode=0x02000202
[LOG] SystemI::createSoundInternal             : exinfo->cbsize             = 224
[LOG] SystemI::createSoundInternal             : exinfo->length             = 37901600
[LOG] SystemI::createSoundInternal             : exinfo->fileoffset         = 155552
[LOG] SystemI::createSoundInternal             : exinfo->numsubsounds       = 1
[LOG] SystemI::createSoundInternal             : exinfo->inclusionlist      = 000000785268F3E8
[LOG] SystemI::createSoundInternal             : exinfo->inclusionlistnum   = 1
[LOG] SystemI::createSoundInternal             : exinfo->suggestedsoundtype = 5
[LOG] SystemI::createSoundInternal             : exinfo->useropen           = 00007FFA78D87EC0
[LOG] SystemI::createSoundInternal             : exinfo->userclose          = 00007FFA78D87E90
[LOG] SystemI::createSoundInternal             : exinfo->userread           = 00007FFA78D87F90
[LOG] SystemI::createSoundInternal             : exinfo->userseek           = 00007FFA78D88050
[LOG] SystemI::createSoundInternal             : exinfo->fileuserdata       = 000001A331574D68
[LOG] SystemI::createSoundInternal             : exinfo->initialseekpostype = 1
[LOG] SystemI::DSPCodecPoolRegister            : register codec pool for pool type 5
[LOG] SystemI::createSoundInternal             : Sample 0/1: name='Large book 4', format=5, channels=2, frequency=48000, lengthbytes=19808, lengthpcm=77740, pcmblocksize=0, loopstart=0, loopend=0, mode=0x00000000, channelmask=0x00000000, channelorder=0, peakvolume=0.961700.
[LOG] SystemI::createSoundInternal             : Create name='', mode=0x02000202
[LOG] SystemI::createSoundInternal             : exinfo->cbsize             = 224
[LOG] SystemI::createSoundInternal             : exinfo->length             = 37901600
[LOG] SystemI::createSoundInternal             : exinfo->fileoffset         = 155552
[LOG] SystemI::createSoundInternal             : exinfo->numsubsounds       = 1
[LOG] SystemI::createSoundInternal             : exinfo->inclusionlist      = 000000785268F3E8
[LOG] SystemI::createSoundInternal             : exinfo->inclusionlistnum   = 1
[LOG] SystemI::createSoundInternal             : exinfo->suggestedsoundtype = 5
[LOG] SystemI::createSoundInternal             : exinfo->useropen           = 00007FFA78D87EC0
[LOG] SystemI::createSoundInternal             : exinfo->userclose          = 00007FFA78D87E90
[LOG] SystemI::createSoundInternal             : exinfo->userread           = 00007FFA78D87F90
[LOG] SystemI::createSoundInternal             : exinfo->userseek           = 00007FFA78D88050
[LOG] SystemI::createSoundInternal             : exinfo->fileuserdata       = 000001A331574D68
[LOG] SystemI::createSoundInternal             : exinfo->initialseekpostype = 1
[LOG] SystemI::DSPCodecPoolRegister            : register codec pool for pool type 5
[LOG] SystemI::createSoundInternal             : Sample 0/1: name='Plate 1', format=5, channels=2, frequency=48000, lengthbytes=23616, lengthpcm=90279, pcmblocksize=0, loopstart=0, loopend=0, mode=0x00000000, channelmask=0x00000000, channelorder=0, peakvolume=0.539429.
[LOG] SystemI::createSoundInternal             : Create name='', mode=0x02000202
[LOG] SystemI::createSoundInternal             : exinfo->cbsize             = 224
[LOG] SystemI::createSoundInternal             : exinfo->length             = 37901600
[LOG] SystemI::createSoundInternal             : exinfo->fileoffset         = 155552
[LOG] SystemI::createSoundInternal             : exinfo->numsubsounds       = 1
[LOG] SystemI::createSoundInternal             : exinfo->inclusionlist      = 000000785268F3E8
[LOG] SystemI::createSoundInternal             : exinfo->inclusionlistnum   = 1
[LOG] SystemI::createSoundInternal             : exinfo->suggestedsoundtype = 5
[LOG] SystemI::createSoundInternal             : exinfo->useropen           = 00007FFA78D87EC0
[LOG] SystemI::createSoundInternal             : exinfo->userclose          = 00007FFA78D87E90
[LOG] SystemI::createSoundInternal             : exinfo->userread           = 00007FFA78D87F90
[LOG] SystemI::createSoundInternal             : exinfo->userseek           = 00007FFA78D88050
[LOG] SystemI::createSoundInternal             : exinfo->fileuserdata       = 000001A331574D68
[LOG] SystemI::createSoundInternal             : exinfo->initialseekpostype = 1
[LOG] SystemI::DSPCodecPoolRegister            : register codec pool for pool type 5
[LOG] SystemI::createSoundInternal             : Sample 0/1: name='glitch 16', format=5, channels=2, frequency=48000, lengthbytes=38752, lengthpcm=200620, pcmblocksize=0, loopstart=0, loopend=0, mode=0x00000000, channelmask=0x00000000, channelorder=0, peakvolume=0.966827.
[LOG] SystemI::createSound                     : filename = ../VR Horror/Build\Desktop/Master.bank : mode 02010082
[LOG] SystemI::createSound                     : FMOD_NONBLOCKING specified.  Putting into queue to be opened asynchronously!
[LOG] SystemI::createSound                     : setdata soundi = 000001A402AA30B8 : node = 000001A4BB954A50
[LOG] SystemI::createSound                     : add node to async list : head = 000001A478595B28.  list count = 0
[LOG] AsyncThread::threadFunc                  : Starting Asynchronous operation on sound 000001A402AA30B8
[LOG] SystemI::createSoundInternal             :     Create name='../VR Horror/Build\Desktop/Master.bank', mode=0x02010082
[LOG] SystemI::createSoundInternal             :     exinfo->cbsize             = 224
[LOG] SystemI::createSoundInternal             :     exinfo->length             = 37901600
[LOG] SystemI::createSoundInternal             :     exinfo->fileoffset         = 155552
[LOG] SystemI::createSoundInternal             :     exinfo->numsubsounds       = 1
[LOG] SystemI::createSoundInternal             :     exinfo->inclusionlist      = 000001A4BB954B60
[LOG] SystemI::createSoundInternal             :     exinfo->inclusionlistnum   = 1
[LOG] SystemI::createSoundInternal             :     exinfo->suggestedsoundtype = 5
[LOG] SystemI::createSoundInternal             :     exinfo->initialseekpostype = 1
[LOG] SystemI::createSoundInternal             :     Stream 0/1: name='intro', format=5, channels=2, frequency=48000, lengthbytes=666720, lengthpcm=2979213, pcmblocksize=0, loopstart=0, loopend=0, mode=0x00000000, channelmask=0x00000000, channelorder=0, peakvolume=0.985474.
[LOG] AsyncThread::threadFunc                  : Finished Asynchronous operation on sound 000001A402AA30B8
[LOG] SoundI::release                          :  (000001A432A566C8)
[LOG] SoundI::release                          :     Large book 1 (000001A35A35A8D8)
[LOG] SoundI::release                          :  (000001A432A55E28)
[LOG] SoundI::release                          :     Large book 2 (000001A35A3586B8)
[LOG] SoundI::release                          :  (000001A3F7A69C98)
[LOG] SoundI::release                          :     Large book 3 (000001A35A357678)
[LOG] SoundI::release                          :  (000001A4DD2FE658)
[LOG] SoundI::release                          :     Large book 4 (000001A29429A518)
[LOG] SoundI::release                          :  (000001A3CF44F198)
[LOG] SoundI::release                          :     Large book 5 (000001A35A35DCD8)
[LOG] SoundI::release                          :  (000001A4DD2FE4E8)
[LOG] SoundI::release                          :     Magazine 1 (000001A35A35D658)
[LOG] SoundI::release                          :  (000001A43C9BA088)
[LOG] SoundI::release                          :     Magazine 2 (000001A35A35BAB8)
[LOG] SoundI::release                          :  (000001A3CF44F308)
[LOG] SoundI::release                          :     Magazine 3 (000001A35A35E358)
[LOG] SoundI::release                          :  (000001A43C9B9F18)
[LOG] SoundI::release                          :     Magazine 4 (000001A35A359F18)
[LOG] SoundI::release                          :  (000001A432A56558)
[LOG] SoundI::release                          :     Small Box 1 (000001A35A358858)
[LOG] SoundI::release                          :  (000001A3CF44EEB8)
[LOG] SoundI::release                          :     Small Box 2 (000001A35A35BF98)
[LOG] SoundI::release                          :  (000001A4DD2FE938)
[LOG] SoundI::release                          :     Small Box 3 (000001A35A35E018)
[LOG] SoundI::release                          :  (000001A3CF44EBD8)
[LOG] SoundI::release                          :     Small Box 4 (000001A35A35E698)
[LOG] SoundI::release                          :  (000001A3CF44F028)
[LOG] SoundI::release                          :     Small Box 5 (000001A35A35BDF8)
[LOG] SoundI::release                          :  (000001A4DD2FE7C8)
[LOG] SoundI::release                          :     Plate 1 (000001A29429A858)
[LOG] SoundI::release                          :  (000001A432A55F98)
[LOG] SoundI::release                          :     Plate 2 (000001A35A359D78)
[LOG] SoundI::release                          :  (000001A43C9B9C38)
[LOG] SoundI::release                          :     Plate 3 (000001A35A35BC58)
[LOG] SoundI::release                          :  (000001A432A56108)
[LOG] SoundI::release                          :     Plate 4 (000001A35A356E58)
[LOG] SoundI::release                          :  (000001A3F7A69288)
[LOG] SoundI::release                          :     Plate 5 (000001A35A358518)
[LOG] SoundI::release                          :  (000001A432A56278)
[LOG] SoundI::release                          :     Pen 1 (000001A35A359218)
[LOG] SoundI::release                          :  (000001A4DD2FE208)
[LOG] SoundI::release                          :     Pen 2 (000001A35A35DB38)
[LOG] SoundI::release                          :  (000001A43C9B9508)
[LOG] SoundI::release                          :     Pen 3 (000001A35A358B98)
[LOG] SoundI::release                          :  (000001A3CF44EA68)
[LOG] SoundI::release                          :     Pen 4 (000001A35A35EB78)
[LOG] SoundI::release                          :  (000001A432A55CB8)
[LOG] SoundI::release                          :       (000001A35A35ADB8)
[LOG] SoundI::release                          :  (000001A3F7A69848)
[LOG] SoundI::release                          :     glitch 12 long  (000001A35A359BD8)
[LOG] SoundI::release                          :  (000001A4DD2FE098)
[LOG] SoundI::release                          :     glitch 13 long (000001A35A35E838)
[LOG] SoundI::release                          :  (000001A3F7A69B28)
[LOG] SoundI::release                          :     glitch 14 (000001A35A35A738)
[LOG] SoundI::release                          :  (000001A3F7A696D8)
[LOG] SoundI::release                          :     glitch 15 (000001A35A35D318)
[LOG] SoundI::release                          :  (000001A4DD2FEAA8)
[LOG] SoundI::release                          :     glitch 16 (000001A29429AB98)
[LOG] SoundI::release                          :  (000001A43C9B9958)
[LOG] SoundI::release                          :     glitch 2 (000001A35A35C2D8)
[LOG] SoundI::release                          :  (000001A4DD2FDF28)
[LOG] SoundI::release                          :     glitch 3 (000001A35A35E1B8)
[LOG] SoundI::release                          :  (000001A4DD2FE378)
[LOG] SoundI::release                          :     glitch 1 (000001A35A35D7F8)
[LOG] SoundI::release                          :  (000001A3F7A69568)
[LOG] SoundI::release                          :     glitch 4 (000001A35A35C958)
[LOG] SoundI::release                          :  (000001A3CF44E788)
[LOG] SoundI::release                          :     glitch 5 (000001A35A35D998)
[LOG] SoundI::release                          :  (000001A43C9B97E8)
[LOG] SoundI::release                          :     glitch 6 (000001A35A35A0B8)
[LOG] SoundI::release                          :  (000001A43C9B9DA8)
[LOG] SoundI::release                          :     glitch 7 (000001A35A35B298)
[LOG] SoundI::release                          : intro (000001A402AA30B8)
[LOG] SoundI::release                          :     intro (000001A29429C0B8)
[LOG] SoundI::release                          :     intro (000001A29C2A6078)
[LOG] SoundI::release                          : Ending (000001A2CDC34E98)
[LOG] SoundI::release                          :     Ending (000001A35A358378)
[LOG] SoundI::release                          :     Ending (000001A29C2A6588)
[LOG] SoundI::release                          :  (000001A43C9B9678)
[LOG] SoundI::release                          :     glitch 8 (000001A35A359558)
[LOG] SoundI::release                          :  (000001A4DD2FEC18)
[LOG] SoundI::release                          :     glitch 9 (000001A35A35DE78)
[LOG] SoundI::release                          :  (000001A3F7A699B8)
[LOG] SoundI::release                          :     glitch 10 (000001A35A3574D8)
[LOG] SoundI::release                          :  (000001A3CF44ED48)
[LOG] SoundI::release                          :     glitch 11 (000001A35A357198)
[LOG] SoundI::release                          :  (000001A43C9BA1F8)
[LOG] SoundI::release                          :     Liquid Bottle 1 (000001A35A356FF8)
[LOG] SoundI::release                          :  (000001A3CF44F478)
[LOG] SoundI::release                          :     Liquid Bottle 2 (000001A35A35E4F8)
[LOG] SoundI::release                          :  (000001A432A569A8)
[LOG] SoundI::release                          :     Liquid Bottle 3 (000001A35A357B58)
[LOG] SoundI::release                          :  (000001A43C9B9AC8)
[LOG] SoundI::release                          :     Liquid Bottle 4 (000001A35A35AF58)
[LOG] SoundI::release                          :  (000001A3CF44E8F8)
[LOG] SoundI::release                          :     Liquid Bottle 5 (000001A35A35E9D8)
[LOG] Thread::callback                         : FMOD Studio update thread finished.
[LOG] Thread::callback                         : FMOD Studio bank load thread finished.
[LOG] Profile::disconnectAll                   : Profiler disconnecting all clients
[LOG] Thread::callback                         : FMOD Studio sample load thread finished.
[LOG] LiveUpdate::release                      : 
[LOG] LiveUpdate::reset                        : Reset connection (reason Disconnected)
[LOG] Thread::callback                         : FMOD stream thread finished.
[LOG] Thread::callback                         : FMOD mixer thread finished.
[LOG] Profile::disconnectAll                   : Profiler disconnecting all clients
[LOG] SystemI::close                           : Closed.
