Using pre-set license
Built from '2020.3/release' branch; Version is '2020.3.12f1 (b3b2c6512326) revision 11776710'; Using compiler version '192528614'; Build Type 'Release'
OS: 'Windows 10 Pro; OS build 19042.1052; Version 2009; 64bit' Language: 'en' Physical Memory: 32553 MB
BatchMode: 1, IsHumanControllingUs: 0, StartBugReporterOnCrash: 0, Is64bit: 1, IsPro: 0

 COMMAND LINE ARGUMENTS:
C:\Program Files\Unity\Hub\Editor\2020.3.12f1\Editor\Unity.exe
-adb2
-batchMode
-noUpm
-name
AssetImportWorker0
-projectPath
C:/Users/IOCT/Documents/VR Horror Game/VR Horror Game
-logFile
Logs/AssetImportWorker0.log
-srvPort
60211
Successfully changed project path to: C:/Users/IOCT/Documents/VR Horror Game/VR Horror Game
C:/Users/IOCT/Documents/VR Horror Game/VR Horror Game
Using Asset Import Pipeline V2.
Refreshing native plugins compatible for Editor in 67.09 ms, found 8 plugins.
Preloading 1 native plugins for Editor in 0.78 ms.
Initialize engine version: 2020.3.12f1 (b3b2c6512326)
[Subsystems] Discovering subsystems at path C:/Program Files/Unity/Hub/Editor/2020.3.12f1/Editor/Data/Resources/UnitySubsystems
[Subsystems] Discovering subsystems at path C:/Users/IOCT/Documents/VR Horror Game/VR Horror Game/Assets
GfxDevice: creating device client; threaded=0
Direct3D:
    Version:  Direct3D 11.0 [level 11.1]
    Renderer: NVIDIA GeForce RTX 2080 (ID=0x1e90)
    Vendor:   
    VRAM:     8010 MB
    Driver:   27.21.14.6230
Shader 'Universal Render Pipeline/Particles/Lit': fallback shader 'Universal Render Pipeline/Particles/SimpleLit' not found
Initialize mono
Mono path[0] = 'C:/Program Files/Unity/Hub/Editor/2020.3.12f1/Editor/Data/Managed'
Mono path[1] = 'C:/Program Files/Unity/Hub/Editor/2020.3.12f1/Editor/Data/MonoBleedingEdge/lib/mono/unityjit'
Mono config path = 'C:/Program Files/Unity/Hub/Editor/2020.3.12f1/Editor/Data/MonoBleedingEdge/etc'
Using monoOptions --debugger-agent=transport=dt_socket,embedding=1,server=y,suspend=n,address=127.0.0.1:56148
Begin MonoManager ReloadAssembly
Registering precompiled unity dll's ...
Register platform support module: C:/Program Files/Unity/Hub/Editor/2020.3.12f1/Editor/Data/PlaybackEngines/WebGLSupport/UnityEditor.WebGL.Extensions.dll
Register platform support module: C:/Program Files/Unity/Hub/Editor/2020.3.12f1/Editor/Data/PlaybackEngines/WindowsStandaloneSupport/UnityEditor.WindowsStandalone.Extensions.dll
Registered in 0.001990 seconds.
Native extension for WindowsStandalone target not found
Native extension for WebGL target not found
Refreshing native plugins compatible for Editor in 55.85 ms, found 8 plugins.
Preloading 1 native plugins for Editor in 0.09 ms.
Mono: successfully reloaded assembly
- Completed reload, in  1.599 seconds
Platform modules already initialized, skipping
Registering precompiled user dll's ...
Registered in 0.006127 seconds.
Begin MonoManager ReloadAssembly
Native extension for WindowsStandalone target not found
Native extension for WebGL target not found
Refreshing native plugins compatible for Editor in 58.56 ms, found 8 plugins.
Preloading 1 native plugins for Editor in 0.10 ms.
[XR] OculusXRPlugin: registering subsystems
[XR] Unable to register display lifecyle provider: [1]
[XR] Oculus Input lifecycle provider registered.
[XR] Unable to register input lifecyle provider: [1]
NullReferenceException: Object reference not set to an instance of an object
  at Unity.XR.Oculus.OculusLoader.AssetPathToAbsolutePath (System.String assetPath) [0x00048] in C:\Users\IOCT\Documents\VR Horror Game\VR Horror Game\Library\PackageCache\com.unity.xr.oculus@1.8.1\Runtime\OculusLoader.cs:243 
  at Unity.XR.Oculus.OculusLoader.EditorLoadOVRPlugin () [0x0007b] in C:\Users\IOCT\Documents\VR Horror Game\VR Horror Game\Library\PackageCache\com.unity.xr.oculus@1.8.1\Runtime\OculusLoader.cs:228 

(Filename: Library/PackageCache/com.unity.xr.oculus@1.8.1/Runtime/OculusLoader.cs Line: 243)

Mono: successfully reloaded assembly
- Completed reload, in  1.095 seconds
Platform modules already initialized, skipping
========================================================================
Worker process is ready to serve import requests
Shader 'Universal Render Pipeline/Particles/Lit': fallback shader 'Universal Render Pipeline/Particles/SimpleLit' not found
Launched and connected shader compiler UnityShaderCompiler.exe after 0.04 seconds
Refreshing native plugins compatible for Editor in 0.76 ms, found 8 plugins.
Preloading 1 native plugins for Editor in 0.08 ms.
Unloading 3479 Unused Serialized files (Serialized files now loaded: 0)
System memory in use before: 149.4 MB.
System memory in use after: 149.6 MB.

Unloading 21 unused Assets to reduce memory usage. Loaded Objects now: 3915.
Total: 2.596200 ms (FindLiveObjects: 0.297400 ms CreateObjectMapping: 0.124800 ms MarkObjects: 2.116000 ms  DeleteObjects: 0.057100 ms)

AssetImportParameters requested are different than current active one (requested -> active):
  custom:framework-win-MediaFoundation: 216162199b28c13a410421893ffa2e32 -> 
  custom:video-decoder-ogg-theora: a1e56fd34408186e4bbccfd4996cb3dc -> 
  custom:container-muxer-webm: aa71ff27fc2769a1b78a27578f13a17b -> 
  custom:container-demuxer-webm: 4f35f7cbe854078d1ac9338744f61a02 -> 
  custom:container-demuxer-ogg: 62fdf1f143b41e24485cea50d1cbac27 -> 
  custom:video-encoder-webm-vp8: eb34c28f22e8b96e1ab97ce403110664 -> 
  custom:video-decoder-webm-vp8: 9c59270c3fd7afecdb556c50c9e8de78 -> 
  custom:audio-decoder-ogg-vorbis: bf7c407c2cedff20999df2af8eb42d56 -> 
  custom:audio-encoder-webm-vorbis: bf7c407c2cedff20999df2af8eb42d56 -> 
========================================================================
Received Import Request.
  path: Assets/CCDatabase.asset
  artifactKey: Guid(ae09ad65bda265a4994e60d1cc6cb97c) Importer(815301076,1909f56bfc062723c751e8b465ee728b)
Start importing Assets/CCDatabase.asset using Guid(ae09ad65bda265a4994e60d1cc6cb97c) Importer(815301076,1909f56bfc062723c751e8b465ee728b)  -> (artifact id: '074e44122c5cda751dceb7e8ef928f3c') in 0.033369 seconds 
  Import took 0.038382 seconds .

========================================================================
Received Import Request.
  Time since last request: 70.045597 seconds.
  path: Assets/VR Beginner/VFX/Cauldron/CauldronBubbles.vfx
  artifactKey: Guid(e78d084f89fcb484f8d893f530aa7401) Importer(815301076,1909f56bfc062723c751e8b465ee728b)
Start importing Assets/VR Beginner/VFX/Cauldron/CauldronBubbles.vfx using Guid(e78d084f89fcb484f8d893f530aa7401) Importer(815301076,1909f56bfc062723c751e8b465ee728b)  -> (artifact id: '0407bcb530e3ac29713d620ed9626543') in 0.022152 seconds 
  Import took 0.028206 seconds .

========================================================================
Received Import Request.
  Time since last request: 0.000276 seconds.
  path: Assets/VR Beginner/VFX/Cauldron/CauldronSplash.vfx
  artifactKey: Guid(1105defcb56acf948bc9bcb11c2d159b) Importer(815301076,1909f56bfc062723c751e8b465ee728b)
Start importing Assets/VR Beginner/VFX/Cauldron/CauldronSplash.vfx using Guid(1105defcb56acf948bc9bcb11c2d159b) Importer(815301076,1909f56bfc062723c751e8b465ee728b)  -> (artifact id: '99c38424262b4ba1d507a33e6e7e184d') in 0.014064 seconds 
  Import took 0.020175 seconds .

========================================================================
Received Import Request.
  Time since last request: 331.547580 seconds.
  path: Assets/HorrorCC.asset
  artifactKey: Guid(ae09ad65bda265a4994e60d1cc6cb97c) Importer(815301076,1909f56bfc062723c751e8b465ee728b)
Start importing Assets/HorrorCC.asset using Guid(ae09ad65bda265a4994e60d1cc6cb97c) Importer(815301076,1909f56bfc062723c751e8b465ee728b)  -> (artifact id: '17ac3cd2d4b9aab6a7190bcd70b310fe') in 0.010998 seconds 
  Import took 0.016911 seconds .

========================================================================
Received Import Request.
  Time since last request: 72.812163 seconds.
  path: Assets/VR Beginner/Textures/PrototypeGridBase.png
  artifactKey: Guid(32704039fd202fe459eedc793c7b6554) Importer(815301076,1909f56bfc062723c751e8b465ee728b)
Start importing Assets/VR Beginner/Textures/PrototypeGridBase.png using Guid(32704039fd202fe459eedc793c7b6554) Importer(815301076,1909f56bfc062723c751e8b465ee728b)  -> (artifact id: '84f3bb5da2e21e7bae78cc2b157afb32') in 0.143823 seconds 
  Import took 0.148951 seconds .

========================================================================
Received Import Request.
  Time since last request: 0.000258 seconds.
  path: Assets/VR Beginner/VFX/SharedTextures/CenterGradient.png
  artifactKey: Guid(1b30e935cd9392841a8c65048733c5c4) Importer(815301076,1909f56bfc062723c751e8b465ee728b)
Start importing Assets/VR Beginner/VFX/SharedTextures/CenterGradient.png using Guid(1b30e935cd9392841a8c65048733c5c4) Importer(815301076,1909f56bfc062723c751e8b465ee728b)  -> (artifact id: '0f6366de2295b59cf172b8139607e883') in 0.096699 seconds 
  Import took 0.101429 seconds .

========================================================================
Received Import Request.
  Time since last request: 0.000247 seconds.
  path: Assets/VR Beginner/Textures/PrototypeGridBase.png
  artifactKey: Guid(32704039fd202fe459eedc793c7b6554) Importer(815301076,1909f56bfc062723c751e8b465ee728b)
Start importing Assets/VR Beginner/Textures/PrototypeGridBase.png using Guid(32704039fd202fe459eedc793c7b6554) Importer(815301076,1909f56bfc062723c751e8b465ee728b)  -> (artifact id: '84f3bb5da2e21e7bae78cc2b157afb32') in 0.031588 seconds 
  Import took 0.036282 seconds .

========================================================================
Received Import Request.
  Time since last request: 30.442718 seconds.
  path: Assets/MyScenes
  artifactKey: Guid(cd457875141a1bf44b564ba6c31a5073) Importer(815301076,1909f56bfc062723c751e8b465ee728b)
Start importing Assets/MyScenes using Guid(cd457875141a1bf44b564ba6c31a5073) Importer(815301076,1909f56bfc062723c751e8b465ee728b)  -> (artifact id: '013d94b0e4275025f03586a19b5d0026') in 0.007773 seconds 
  Import took 0.012843 seconds .

========================================================================
Received Import Request.
  Time since last request: 10.457348 seconds.
  path: Assets/Materials
  artifactKey: Guid(33fed49cab360b4408b4b5f1ca84994a) Importer(815301076,1909f56bfc062723c751e8b465ee728b)
Start importing Assets/Materials using Guid(33fed49cab360b4408b4b5f1ca84994a) Importer(815301076,1909f56bfc062723c751e8b465ee728b)  -> (artifact id: '978f1a6593e68a75c573ae56c94a807b') in 0.008384 seconds 
  Import took 0.013188 seconds .

========================================================================
Received Import Request.
  Time since last request: 11.012433 seconds.
  path: Assets/Materials/Prototype.mat
  artifactKey: Guid(e925441227ff3334e8062c25171409d6) Importer(815301076,1909f56bfc062723c751e8b465ee728b)
Start importing Assets/Materials/Prototype.mat using Guid(e925441227ff3334e8062c25171409d6) Importer(815301076,1909f56bfc062723c751e8b465ee728b)  -> (artifact id: '1f628c2462bcd03ddcedf35623895244') in 0.168542 seconds 
  Import took 0.173758 seconds .

========================================================================
Received Import Request.
  Time since last request: 2.910656 seconds.
  path: Assets/VR Beginner/VFX/Prototype/Artboard 2 copy 2.png
  artifactKey: Guid(2d41fd27f23a18d48a4a9076fac52166) Importer(815301076,1909f56bfc062723c751e8b465ee728b)
Start importing Assets/VR Beginner/VFX/Prototype/Artboard 2 copy 2.png using Guid(2d41fd27f23a18d48a4a9076fac52166) Importer(815301076,1909f56bfc062723c751e8b465ee728b)  -> (artifact id: '75f393d49c8698aaf2e83f066f04caa0') in 0.030928 seconds 
  Import took 0.036822 seconds .

========================================================================
Received Import Request.
  Time since last request: 0.000274 seconds.
  path: Assets/VR Beginner/Textures/BubbleGun/BubleGumOcclusion.png
  artifactKey: Guid(f8dc1307e1a243341af4282b62ddc3f2) Importer(815301076,1909f56bfc062723c751e8b465ee728b)
Start importing Assets/VR Beginner/Textures/BubbleGun/BubleGumOcclusion.png using Guid(f8dc1307e1a243341af4282b62ddc3f2) Importer(815301076,1909f56bfc062723c751e8b465ee728b)  -> (artifact id: 'fa0e04a9897953a110cb68fc60f460ac') in 0.039196 seconds 
  Import took 0.044601 seconds .

========================================================================
Received Import Request.
  Time since last request: 0.000282 seconds.
  path: Assets/VR Beginner/Textures/UI/CCIndicator.png
  artifactKey: Guid(128aa030d6de5274ab1a010ee9473a62) Importer(815301076,1909f56bfc062723c751e8b465ee728b)
Start importing Assets/VR Beginner/Textures/UI/CCIndicator.png using Guid(128aa030d6de5274ab1a010ee9473a62) Importer(815301076,1909f56bfc062723c751e8b465ee728b)  -> (artifact id: '079b6435592d2e33a5ac63d8cc804a83') in 0.030441 seconds 
  Import took 0.035242 seconds .

========================================================================
Received Import Request.
  Time since last request: 0.000260 seconds.
  path: Assets/VR Beginner/Textures/BubbleGun/BubleGumNormal.png
  artifactKey: Guid(47fe49daa7d729449b04a0a8a01baba7) Importer(815301076,1909f56bfc062723c751e8b465ee728b)
Start importing Assets/VR Beginner/Textures/BubbleGun/BubleGumNormal.png using Guid(47fe49daa7d729449b04a0a8a01baba7) Importer(815301076,1909f56bfc062723c751e8b465ee728b)  -> (artifact id: '8675170fd1df31858c2dacbbaeb3095d') in 0.038956 seconds 
  Import took 0.043999 seconds .

========================================================================
Received Import Request.
  Time since last request: 0.000244 seconds.
  path: Assets/VR Beginner/Textures/BubbleGun/BubleGumMetallic.png
  artifactKey: Guid(081da3efb45b72e4492871f02f0390cb) Importer(815301076,1909f56bfc062723c751e8b465ee728b)
Start importing Assets/VR Beginner/Textures/BubbleGun/BubleGumMetallic.png using Guid(081da3efb45b72e4492871f02f0390cb) Importer(815301076,1909f56bfc062723c751e8b465ee728b)  -> (artifact id: 'e70380473602f97753ee987221e90a2b') in 0.031161 seconds 
  Import took 0.036387 seconds .

========================================================================
Received Import Request.
  Time since last request: 0.000273 seconds.
  path: Assets/VR Beginner/Textures/BubbleGun/BubleGumBase.png
  artifactKey: Guid(3a7d03a7507c79d47b74bbaa78398ef0) Importer(815301076,1909f56bfc062723c751e8b465ee728b)
Start importing Assets/VR Beginner/Textures/BubbleGun/BubleGumBase.png using Guid(3a7d03a7507c79d47b74bbaa78398ef0) Importer(815301076,1909f56bfc062723c751e8b465ee728b)  -> (artifact id: '740b618f675b3eeda8ea969ebe62b9dd') in 0.043291 seconds 
  Import took 0.048475 seconds .

========================================================================
Received Import Request.
  Time since last request: 0.000255 seconds.
  path: Assets/VR Beginner/VFX/SharedTextures/BubbleGradient.png
  artifactKey: Guid(f495e9c45f654e24883e27f77302be22) Importer(815301076,1909f56bfc062723c751e8b465ee728b)
Start importing Assets/VR Beginner/VFX/SharedTextures/BubbleGradient.png using Guid(f495e9c45f654e24883e27f77302be22) Importer(815301076,1909f56bfc062723c751e8b465ee728b)  -> (artifact id: 'e7156203c1cdc8b1a80906ee960eb18d') in 0.042444 seconds 
  Import took 0.047349 seconds .

========================================================================
Received Import Request.
  Time since last request: 0.001017 seconds.
  path: Assets/VR Beginner/VFX/SharedTextures/BubbleGradient.png
  artifactKey: Guid(f495e9c45f654e24883e27f77302be22) Importer(815301076,1909f56bfc062723c751e8b465ee728b)
Start importing Assets/VR Beginner/VFX/SharedTextures/BubbleGradient.png using Guid(f495e9c45f654e24883e27f77302be22) Importer(815301076,1909f56bfc062723c751e8b465ee728b)  -> (artifact id: 'e7156203c1cdc8b1a80906ee960eb18d') in 0.027993 seconds 
  Import took 0.033080 seconds .

========================================================================
Received Import Request.
  Time since last request: 0.951315 seconds.
  path: Assets/TutorialInfo/Icons/Help_Icon.png
  artifactKey: Guid(a186f8a87ca4f4d3aa864638ad5dfb65) Importer(815301076,1909f56bfc062723c751e8b465ee728b)
Start importing Assets/TutorialInfo/Icons/Help_Icon.png using Guid(a186f8a87ca4f4d3aa864638ad5dfb65) Importer(815301076,1909f56bfc062723c751e8b465ee728b)  -> (artifact id: '7cd922d0b2696b0451d50a91bda81eb3') in 0.008012 seconds 
  Import took 0.013010 seconds .

========================================================================
Received Import Request.
  Time since last request: 0.000262 seconds.
  path: Assets/VR Beginner/Textures/LaserPointer/LaserPointerOcclusion.png
  artifactKey: Guid(52b6107f076d14141945c87112bfd0b0) Importer(815301076,1909f56bfc062723c751e8b465ee728b)
Start importing Assets/VR Beginner/Textures/LaserPointer/LaserPointerOcclusion.png using Guid(52b6107f076d14141945c87112bfd0b0) Importer(815301076,1909f56bfc062723c751e8b465ee728b)  -> (artifact id: '8e5af7e54e8a0d5c26241131b9e3f56a') in 0.034327 seconds 
  Import took 0.038874 seconds .

========================================================================
Received Import Request.
  Time since last request: 0.000255 seconds.
  path: Assets/VR Beginner/Textures/LaserPointer/LaserPointerBase.png
  artifactKey: Guid(14da20fd535ea4b4fa2a12e638f737ca) Importer(815301076,1909f56bfc062723c751e8b465ee728b)
Start importing Assets/VR Beginner/Textures/LaserPointer/LaserPointerBase.png using Guid(14da20fd535ea4b4fa2a12e638f737ca) Importer(815301076,1909f56bfc062723c751e8b465ee728b)  -> (artifact id: '956b315139fb3b047d405a437781d588') in 0.038727 seconds 
  Import took 0.043309 seconds .

========================================================================
Received Import Request.
  Time since last request: 0.000301 seconds.
  path: Assets/VR Beginner/Textures/LaserPointer/LaserPointerNormal.png
  artifactKey: Guid(bac0a3f342ded5a4a80fbd17fe05e932) Importer(815301076,1909f56bfc062723c751e8b465ee728b)
Start importing Assets/VR Beginner/Textures/LaserPointer/LaserPointerNormal.png using Guid(bac0a3f342ded5a4a80fbd17fe05e932) Importer(815301076,1909f56bfc062723c751e8b465ee728b)  -> (artifact id: '426133a8e7517925b357788ca0c51727') in 0.045653 seconds 
  Import took 0.050574 seconds .

========================================================================
Received Import Request.
  Time since last request: 0.000280 seconds.
  path: Assets/VR Beginner/Scenes/Final/EscapeRoom/Lightmap-0_comp_dir.png
  artifactKey: Guid(7befd8bbb559c4048b0ac8611aad7d53) Importer(815301076,1909f56bfc062723c751e8b465ee728b)
Start importing Assets/VR Beginner/Scenes/Final/EscapeRoom/Lightmap-0_comp_dir.png using Guid(7befd8bbb559c4048b0ac8611aad7d53) Importer(815301076,1909f56bfc062723c751e8b465ee728b)  -> (artifact id: '90bc57c9758842650535cca88cba7ea1') in 0.319594 seconds 
  Import took 0.324102 seconds .

========================================================================
Received Import Request.
  Time since last request: 0.000295 seconds.
  path: Assets/VR Beginner/Textures/LaserPointer/LaserPointerMetallic.png
  artifactKey: Guid(7b817f69533ab7b498e656d756795f69) Importer(815301076,1909f56bfc062723c751e8b465ee728b)
Start importing Assets/VR Beginner/Textures/LaserPointer/LaserPointerMetallic.png using Guid(7b817f69533ab7b498e656d756795f69) Importer(815301076,1909f56bfc062723c751e8b465ee728b)  -> (artifact id: '097fa4dbc23ea8219ea6ee572a46fe9b') in 0.041201 seconds 
  Import took 0.045824 seconds .

========================================================================
Received Import Request.
  Time since last request: 0.000271 seconds.
  path: Assets/VR Beginner/Scenes/Final/PrototypeScene/Lightmap-0_comp_dir.png
  artifactKey: Guid(3789a108a636b5d46ab9d414a36b23d7) Importer(815301076,1909f56bfc062723c751e8b465ee728b)
Start importing Assets/VR Beginner/Scenes/Final/PrototypeScene/Lightmap-0_comp_dir.png using Guid(3789a108a636b5d46ab9d414a36b23d7) Importer(815301076,1909f56bfc062723c751e8b465ee728b)  -> (artifact id: 'd5ffec5797ade1e83730517e3424889e') in 0.034854 seconds 
  Import took 0.039346 seconds .

========================================================================
Received Import Request.
  Time since last request: 0.048304 seconds.
  path: Assets/VR Beginner/VFX/Potions/liquid_sprite.png
  artifactKey: Guid(00fc11cafb7fc0e4fbebf3b7baf08776) Importer(815301076,1909f56bfc062723c751e8b465ee728b)
Start importing Assets/VR Beginner/VFX/Potions/liquid_sprite.png using Guid(00fc11cafb7fc0e4fbebf3b7baf08776) Importer(815301076,1909f56bfc062723c751e8b465ee728b)  -> (artifact id: '3f1ce2acbc775ca9b65ce07a04dc8545') in 0.023391 seconds 
  Import took 0.028425 seconds .

========================================================================
Received Import Request.
  Time since last request: 0.000290 seconds.
  path: Assets/VR Beginner/Scenes/Final/PrototypeScene/Reflection Probe (1)-reflectionHDR 1.exr
  artifactKey: Guid(dcc1093eed1a26347b8b31d3e0bafc06) Importer(815301076,1909f56bfc062723c751e8b465ee728b)
Start importing Assets/VR Beginner/Scenes/Final/PrototypeScene/Reflection Probe (1)-reflectionHDR 1.exr using Guid(dcc1093eed1a26347b8b31d3e0bafc06) Importer(815301076,1909f56bfc062723c751e8b465ee728b)  -> (artifact id: '6155a2bdb4f42fee6c809cf2ffcde68b') in 0.045570 seconds 
  Import took 0.050309 seconds .

========================================================================
Received Import Request.
  Time since last request: 0.000271 seconds.
  path: Assets/VR Beginner/Scenes/Final/PrototypeScene/ReflectionProbe-0.exr
  artifactKey: Guid(b5b39256ad8459440bed98de725fecb8) Importer(815301076,1909f56bfc062723c751e8b465ee728b)
Start importing Assets/VR Beginner/Scenes/Final/PrototypeScene/ReflectionProbe-0.exr using Guid(b5b39256ad8459440bed98de725fecb8) Importer(815301076,1909f56bfc062723c751e8b465ee728b)  -> (artifact id: '714a08cfc798b75c218e0424ecba3d13') in 0.030185 seconds 
  Import took 0.034743 seconds .

========================================================================
Received Import Request.
  Time since last request: 0.000286 seconds.
  path: Assets/VR Beginner/Scenes/Final/EscapeRoom/ReflectionProbe-2.exr
  artifactKey: Guid(adb5d2fd30323af43b5c6b6edaae0755) Importer(815301076,1909f56bfc062723c751e8b465ee728b)
Start importing Assets/VR Beginner/Scenes/Final/EscapeRoom/ReflectionProbe-2.exr using Guid(adb5d2fd30323af43b5c6b6edaae0755) Importer(815301076,1909f56bfc062723c751e8b465ee728b)  -> (artifact id: '194329c16b34a8f8281638ee9fae5df2') in 0.023125 seconds 
  Import took 0.027928 seconds .

========================================================================
Received Import Request.
  Time since last request: 0.000266 seconds.
  path: Assets/VR Beginner/Scenes/Final/PrototypeScene/Reflection Probe (1)-reflectionHDR.exr
  artifactKey: Guid(a9376d2d1d332594b8e6a5349597e71e) Importer(815301076,1909f56bfc062723c751e8b465ee728b)
Start importing Assets/VR Beginner/Scenes/Final/PrototypeScene/Reflection Probe (1)-reflectionHDR.exr using Guid(a9376d2d1d332594b8e6a5349597e71e) Importer(815301076,1909f56bfc062723c751e8b465ee728b)  -> (artifact id: 'b0795efaf34e5459ceb89b77116d2299') in 0.030221 seconds 
  Import took 0.035417 seconds .

========================================================================
Received Import Request.
  Time since last request: 0.000279 seconds.
  path: Assets/VR Beginner/Scenes/Final/EscapeRoom/ReflectionProbe-1.exr
  artifactKey: Guid(6fb44edef59109b43918b116653d962d) Importer(815301076,1909f56bfc062723c751e8b465ee728b)
Start importing Assets/VR Beginner/Scenes/Final/EscapeRoom/ReflectionProbe-1.exr using Guid(6fb44edef59109b43918b116653d962d) Importer(815301076,1909f56bfc062723c751e8b465ee728b)  -> (artifact id: 'd410717ea7fbbc699647ff91eedb98dc') in 0.020917 seconds 
  Import took 0.025746 seconds .

========================================================================
Received Import Request.
  Time since last request: 0.000241 seconds.
  path: Assets/VR Beginner/Scenes/Final/PrototypeScene/Reflection Probe (1)-reflectionHDR.exr
  artifactKey: Guid(a9376d2d1d332594b8e6a5349597e71e) Importer(815301076,1909f56bfc062723c751e8b465ee728b)
Start importing Assets/VR Beginner/Scenes/Final/PrototypeScene/Reflection Probe (1)-reflectionHDR.exr using Guid(a9376d2d1d332594b8e6a5349597e71e) Importer(815301076,1909f56bfc062723c751e8b465ee728b)  -> (artifact id: 'b0795efaf34e5459ceb89b77116d2299') in 0.032863 seconds 
  Import took 0.037677 seconds .

========================================================================
Received Import Request.
  Time since last request: 0.000240 seconds.
  path: Assets/VR Beginner/Scenes/Final/EscapeRoom/ReflectionProbe-0.exr
  artifactKey: Guid(75b304b8fbf05b64fbfc5513b4f15955) Importer(815301076,1909f56bfc062723c751e8b465ee728b)
Start importing Assets/VR Beginner/Scenes/Final/EscapeRoom/ReflectionProbe-0.exr using Guid(75b304b8fbf05b64fbfc5513b4f15955) Importer(815301076,1909f56bfc062723c751e8b465ee728b)  -> (artifact id: 'ec372f2f5b13e983963e9846d9f3dc40') in 0.019057 seconds 
  Import took 0.023683 seconds .

========================================================================
Received Import Request.
  Time since last request: 87.092669 seconds.
  path: Assets/Materials/PrototypeGRD.mat
  artifactKey: Guid(e925441227ff3334e8062c25171409d6) Importer(815301076,1909f56bfc062723c751e8b465ee728b)
Start importing Assets/Materials/PrototypeGRD.mat using Guid(e925441227ff3334e8062c25171409d6) Importer(815301076,1909f56bfc062723c751e8b465ee728b)  -> (artifact id: 'e6eabef1e41108ac38b61e06a8bf64a7') in 0.029105 seconds 
  Import took 0.034840 seconds .

========================================================================
Received Import Request.
  Time since last request: 7.166801 seconds.
  path: Assets/Materials/PrototypeBOX.mat
  artifactKey: Guid(236a54347f14b544b8da7894b68c7240) Importer(815301076,1909f56bfc062723c751e8b465ee728b)
Start importing Assets/Materials/PrototypeBOX.mat using Guid(236a54347f14b544b8da7894b68c7240) Importer(815301076,1909f56bfc062723c751e8b465ee728b)  -> (artifact id: '8a72b0c3ee3f6b207af6e9e1429f764f') in 0.029048 seconds 
  Import took 0.034329 seconds .

========================================================================
Received Import Request.
  Time since last request: 50.533522 seconds.
  path: Assets/Materials/PrototypeBOX.mat
  artifactKey: Guid(236a54347f14b544b8da7894b68c7240) Importer(815301076,1909f56bfc062723c751e8b465ee728b)
Start importing Assets/Materials/PrototypeBOX.mat using Guid(236a54347f14b544b8da7894b68c7240) Importer(815301076,1909f56bfc062723c751e8b465ee728b)  -> (artifact id: '0151474599508ff83aa6fa2697f8a33f') in 0.029271 seconds 
  Import took 0.035347 seconds .

========================================================================
Received Import Request.
  Time since last request: 0.000223 seconds.
  path: Assets/Materials/PrototypeGRD.mat
  artifactKey: Guid(e925441227ff3334e8062c25171409d6) Importer(815301076,1909f56bfc062723c751e8b465ee728b)
Start importing Assets/Materials/PrototypeGRD.mat using Guid(e925441227ff3334e8062c25171409d6) Importer(815301076,1909f56bfc062723c751e8b465ee728b)  -> (artifact id: '8d48752e9ce9dc47ec9241c8ff1a79dc') in 0.032614 seconds 
  Import took 0.037514 seconds .

========================================================================
Received Import Request.
  Time since last request: 208.516827 seconds.
  path: Assets/VR Beginner/Materials/BoxGrid.mat
  artifactKey: Guid(85947ffe4a26a41458fada64061c9d44) Importer(815301076,1909f56bfc062723c751e8b465ee728b)
Start importing Assets/VR Beginner/Materials/BoxGrid.mat using Guid(85947ffe4a26a41458fada64061c9d44) Importer(815301076,1909f56bfc062723c751e8b465ee728b)  -> (artifact id: '925b5663d5f0666e390f24ee61a9a3c7') in 0.038587 seconds 
  Import took 0.044084 seconds .

========================================================================
Received Import Request.
  Time since last request: 0.000257 seconds.
  path: Assets/VR Beginner/Materials/Thermostat.mat
  artifactKey: Guid(d78698f9369911a4f9cddb5d54725359) Importer(815301076,1909f56bfc062723c751e8b465ee728b)
Start importing Assets/VR Beginner/Materials/Thermostat.mat using Guid(d78698f9369911a4f9cddb5d54725359) Importer(815301076,1909f56bfc062723c751e8b465ee728b)  -> (artifact id: '0d1992880165a8e9c1deb3f0388755b5') in 0.146190 seconds 
  Import took 0.151414 seconds .

========================================================================
Received Import Request.
  Time since last request: 0.000273 seconds.
  path: Assets/VR Beginner/Materials/Drill.mat
  artifactKey: Guid(b6c84f572bc946d4b84bc3b6f87496f7) Importer(815301076,1909f56bfc062723c751e8b465ee728b)
Start importing Assets/VR Beginner/Materials/Drill.mat using Guid(b6c84f572bc946d4b84bc3b6f87496f7) Importer(815301076,1909f56bfc062723c751e8b465ee728b)  -> (artifact id: '3fdf14f3f13bb927b569de755265779a') in 0.126833 seconds 
  Import took 0.132348 seconds .

========================================================================
Received Import Request.
  Time since last request: 0.000247 seconds.
  path: Assets/VR Beginner/Materials/Fuse.mat
  artifactKey: Guid(3a5b60aad7ea6b64b857c3bfc3c15738) Importer(815301076,1909f56bfc062723c751e8b465ee728b)
Start importing Assets/VR Beginner/Materials/Fuse.mat using Guid(3a5b60aad7ea6b64b857c3bfc3c15738) Importer(815301076,1909f56bfc062723c751e8b465ee728b)  -> (artifact id: '42bd4bbc987af3652f229efdf089db91') in 0.356395 seconds 
  Import took 0.361179 seconds .

========================================================================
Received Import Request.
  Time since last request: 0.000187 seconds.
  path: Assets/VR Beginner/Materials/Hourglass.mat
  artifactKey: Guid(55950412b149dba4babae087ba0932fb) Importer(815301076,1909f56bfc062723c751e8b465ee728b)
Start importing Assets/VR Beginner/Materials/Hourglass.mat using Guid(55950412b149dba4babae087ba0932fb) Importer(815301076,1909f56bfc062723c751e8b465ee728b)  -> (artifact id: 'e7b6eb0468fe7b935af7bb803829a79c') in 0.123174 seconds 
  Import took 0.128362 seconds .

========================================================================
Received Import Request.
  Time since last request: 0.000216 seconds.
  path: Assets/VR Beginner/Materials/HDRISkybox.mat
  artifactKey: Guid(cdd800a70c9988241823689d0e3cf46f) Importer(815301076,1909f56bfc062723c751e8b465ee728b)
Start importing Assets/VR Beginner/Materials/HDRISkybox.mat using Guid(cdd800a70c9988241823689d0e3cf46f) Importer(815301076,1909f56bfc062723c751e8b465ee728b)  -> (artifact id: '385c5c9d6b58d44c360eb348e3d1df63') in 0.553382 seconds 
  Import took 0.558285 seconds .

========================================================================
Received Import Request.
  Time since last request: 0.000268 seconds.
  path: Assets/VR Beginner/Materials/RemoteController.mat
  artifactKey: Guid(39f83a14f1b5b524e875fadf99b70af8) Importer(815301076,1909f56bfc062723c751e8b465ee728b)
Start importing Assets/VR Beginner/Materials/RemoteController.mat using Guid(39f83a14f1b5b524e875fadf99b70af8) Importer(815301076,1909f56bfc062723c751e8b465ee728b)  -> (artifact id: 'e377b018ca521b5da14fc5ef4cdf7dd7') in 0.111712 seconds 
  Import took 0.116639 seconds .

========================================================================
Received Import Request.
  Time since last request: 0.000207 seconds.
  path: Assets/VR Beginner/Materials/GlassBounce.physicMaterial
  artifactKey: Guid(ca7e678f610631948b4ea5bc5740f361) Importer(815301076,1909f56bfc062723c751e8b465ee728b)
Start importing Assets/VR Beginner/Materials/GlassBounce.physicMaterial using Guid(ca7e678f610631948b4ea5bc5740f361) Importer(815301076,1909f56bfc062723c751e8b465ee728b)  -> (artifact id: '982b29c61966f566dcee0027f255c396') in 0.012524 seconds 
  Import took 0.017395 seconds .

========================================================================
Received Import Request.
  Time since last request: 0.000281 seconds.
  path: Assets/VR Beginner/Materials/DimmerSwitch.mat
  artifactKey: Guid(e222dbc97a43bbd41adc4f857de98ae1) Importer(815301076,1909f56bfc062723c751e8b465ee728b)
Start importing Assets/VR Beginner/Materials/DimmerSwitch.mat using Guid(e222dbc97a43bbd41adc4f857de98ae1) Importer(815301076,1909f56bfc062723c751e8b465ee728b)  -> (artifact id: 'b56f77ede2524a578c8b6390691f3422') in 0.094428 seconds 
  Import took 0.099448 seconds .

========================================================================
Received Import Request.
  Time since last request: 0.000271 seconds.
  path: Assets/VR Beginner/Materials/SkyboxBlue.mat
  artifactKey: Guid(95426e3e34c84d94a8f6c2d1db6df984) Importer(815301076,1909f56bfc062723c751e8b465ee728b)
Start importing Assets/VR Beginner/Materials/SkyboxBlue.mat using Guid(95426e3e34c84d94a8f6c2d1db6df984) Importer(815301076,1909f56bfc062723c751e8b465ee728b)  -> (artifact id: '54a5287558544dc3de3d47359b52eb07') in 0.143483 seconds 
  Import took 0.148525 seconds .

========================================================================
Received Import Request.
  Time since last request: 0.000345 seconds.
  path: Assets/VR Beginner/Materials/greenliquid.mat
  artifactKey: Guid(f5d45bc1d2cb66b49a693c5bf6e4a180) Importer(815301076,1909f56bfc062723c751e8b465ee728b)
Start importing Assets/VR Beginner/Materials/greenliquid.mat using Guid(f5d45bc1d2cb66b49a693c5bf6e4a180) Importer(815301076,1909f56bfc062723c751e8b465ee728b)  -> (artifact id: 'fd8ac2615b5192c737c7307f07fb49ce') in 0.016775 seconds 
  Import took 0.021899 seconds .

========================================================================
Received Import Request.
  Time since last request: 0.000280 seconds.
  path: Assets/VR Beginner/Materials/SkyboxBlank.mat
  artifactKey: Guid(508785c2af3499b4790effb0803f30eb) Importer(815301076,1909f56bfc062723c751e8b465ee728b)
Start importing Assets/VR Beginner/Materials/SkyboxBlank.mat using Guid(508785c2af3499b4790effb0803f30eb) Importer(815301076,1909f56bfc062723c751e8b465ee728b)  -> (artifact id: '64ee50a30c2184782280d377f4ffd01f') in 0.058417 seconds 
  Import took 0.063305 seconds .

========================================================================
Received Import Request.
  Time since last request: 0.000273 seconds.
  path: Assets/VR Beginner/Materials/Kettle.mat
  artifactKey: Guid(e393265ee823ae946b36b57845ab34db) Importer(815301076,1909f56bfc062723c751e8b465ee728b)
Start importing Assets/VR Beginner/Materials/Kettle.mat using Guid(e393265ee823ae946b36b57845ab34db) Importer(815301076,1909f56bfc062723c751e8b465ee728b)  -> (artifact id: '961750ba1d6fcf2e383aa53940cff96f') in 0.116326 seconds 
  Import took 0.121104 seconds .

========================================================================
Received Import Request.
  Time since last request: 0.000247 seconds.
  path: Assets/VR Beginner/Materials/SkyboxBlank.mat
  artifactKey: Guid(508785c2af3499b4790effb0803f30eb) Importer(815301076,1909f56bfc062723c751e8b465ee728b)
Start importing Assets/VR Beginner/Materials/SkyboxBlank.mat using Guid(508785c2af3499b4790effb0803f30eb) Importer(815301076,1909f56bfc062723c751e8b465ee728b)  -> (artifact id: '64ee50a30c2184782280d377f4ffd01f') in 0.006438 seconds 
  Import took 0.011241 seconds .

========================================================================
Received Import Request.
  Time since last request: 0.000241 seconds.
  path: Assets/VR Beginner/Materials/Mug.mat
  artifactKey: Guid(56c602ef423139e4a974fdaec2a4eafa) Importer(815301076,1909f56bfc062723c751e8b465ee728b)
Start importing Assets/VR Beginner/Materials/Mug.mat using Guid(56c602ef423139e4a974fdaec2a4eafa) Importer(815301076,1909f56bfc062723c751e8b465ee728b)  -> (artifact id: 'c3f3533e224bb22dedd4bce5caaec14e') in 0.113030 seconds 
  Import took 0.117855 seconds .

========================================================================
Received Import Request.
  Time since last request: 0.000201 seconds.
  path: Assets/VR Beginner/Materials/TheMaterial.mat
  artifactKey: Guid(b087163334465c846aaae5f8ba363f50) Importer(815301076,1909f56bfc062723c751e8b465ee728b)
Start importing Assets/VR Beginner/Materials/TheMaterial.mat using Guid(b087163334465c846aaae5f8ba363f50) Importer(815301076,1909f56bfc062723c751e8b465ee728b)  -> (artifact id: '8668f6a041b277c1b72934791cbfc6be') in 0.113823 seconds 
  Import took 0.119115 seconds .

========================================================================
Received Import Request.
  Time since last request: 0.000215 seconds.
  path: Assets/VR Beginner/Materials/Gridtest.mat
  artifactKey: Guid(9e190c66eb01fad43afbb57a91e77ced) Importer(815301076,1909f56bfc062723c751e8b465ee728b)
Start importing Assets/VR Beginner/Materials/Gridtest.mat using Guid(9e190c66eb01fad43afbb57a91e77ced) Importer(815301076,1909f56bfc062723c751e8b465ee728b)  -> (artifact id: '0736c059cdd0565d9b521d47719035ce') in 0.026538 seconds 
  Import took 0.031510 seconds .

========================================================================
Received Import Request.
  Time since last request: 0.000250 seconds.
  path: Assets/VR Beginner/Materials/Skybox.png
  artifactKey: Guid(e5ddee3454002a7428745aa7e954dbd7) Importer(815301076,1909f56bfc062723c751e8b465ee728b)
Start importing Assets/VR Beginner/Materials/Skybox.png using Guid(e5ddee3454002a7428745aa7e954dbd7) Importer(815301076,1909f56bfc062723c751e8b465ee728b)  -> (artifact id: 'eef04be80f99b1e1747f3643c438898c') in 0.131858 seconds 
  Import took 0.136549 seconds .

========================================================================
Received Import Request.
  Time since last request: 0.000289 seconds.
  path: Assets/VR Beginner/Materials/TheInstructions.mat
  artifactKey: Guid(99236b17adb169e478e82d0579d18c82) Importer(815301076,1909f56bfc062723c751e8b465ee728b)
Start importing Assets/VR Beginner/Materials/TheInstructions.mat using Guid(99236b17adb169e478e82d0579d18c82) Importer(815301076,1909f56bfc062723c751e8b465ee728b)  -> (artifact id: '58777fe27add7ac539f730976686f2f4') in 0.105370 seconds 
  Import took 0.110680 seconds .

========================================================================
Received Import Request.
  Time since last request: 0.000276 seconds.
  path: Assets/VR Beginner/Materials/Glass.mat
  artifactKey: Guid(5aa6af6012af4f64bbbdec0165f4556d) Importer(815301076,1909f56bfc062723c751e8b465ee728b)
Start importing Assets/VR Beginner/Materials/Glass.mat using Guid(5aa6af6012af4f64bbbdec0165f4556d) Importer(815301076,1909f56bfc062723c751e8b465ee728b)  -> (artifact id: '12f8d9459c1ea0adacb3da8e1ceaaec1') in 0.017093 seconds 
  Import took 0.021979 seconds .

========================================================================
Received Import Request.
  Time since last request: 0.000243 seconds.
  path: Assets/VR Beginner/Materials/Toaster.mat
  artifactKey: Guid(510316c8e8621fe4fa79bd9019d53965) Importer(815301076,1909f56bfc062723c751e8b465ee728b)
Start importing Assets/VR Beginner/Materials/Toaster.mat using Guid(510316c8e8621fe4fa79bd9019d53965) Importer(815301076,1909f56bfc062723c751e8b465ee728b)  -> (artifact id: '5164bda4cd67d03954caf4a9bea21fae') in 0.098102 seconds 
  Import took 0.103312 seconds .

========================================================================
Received Import Request.
  Time since last request: 0.000213 seconds.
  path: Assets/VR Beginner/Materials/Fan.mat
  artifactKey: Guid(a1f10f1f60a9e394fbba0910331565d2) Importer(815301076,1909f56bfc062723c751e8b465ee728b)
Start importing Assets/VR Beginner/Materials/Fan.mat using Guid(a1f10f1f60a9e394fbba0910331565d2) Importer(815301076,1909f56bfc062723c751e8b465ee728b)  -> (artifact id: 'b3628ecafbd6b66c89640670393b733c') in 0.126136 seconds 
  Import took 0.131399 seconds .

========================================================================
Received Import Request.
  Time since last request: 0.000277 seconds.
  path: Assets/VR Beginner/Materials/Toothbrush.mat
  artifactKey: Guid(db1b95b46c6700941afa501804c61be1) Importer(815301076,1909f56bfc062723c751e8b465ee728b)
Start importing Assets/VR Beginner/Materials/Toothbrush.mat using Guid(db1b95b46c6700941afa501804c61be1) Importer(815301076,1909f56bfc062723c751e8b465ee728b)  -> (artifact id: 'e1308822707deaa70a59148da5fee190') in 0.101622 seconds 
  Import took 0.106693 seconds .

========================================================================
Received Import Request.
  Time since last request: 0.000314 seconds.
  path: Assets/VR Beginner/Materials/UIAlwaysOnTop.mat
  artifactKey: Guid(c46d75374e0db1441a36370d5dffa10b) Importer(815301076,1909f56bfc062723c751e8b465ee728b)
Start importing Assets/VR Beginner/Materials/UIAlwaysOnTop.mat using Guid(c46d75374e0db1441a36370d5dffa10b) Importer(815301076,1909f56bfc062723c751e8b465ee728b)  -> (artifact id: '587f2c835a9d90aa4f9985406bbcc828') in 0.030858 seconds 
  Import took 0.035790 seconds .

========================================================================
Received Import Request.
  Time since last request: 0.000246 seconds.
  path: Assets/VR Beginner/Materials/BubbleGun.mat
  artifactKey: Guid(3f6892afe3ba62840bd920bce9e67bc2) Importer(815301076,1909f56bfc062723c751e8b465ee728b)
Start importing Assets/VR Beginner/Materials/BubbleGun.mat using Guid(3f6892afe3ba62840bd920bce9e67bc2) Importer(815301076,1909f56bfc062723c751e8b465ee728b)  -> (artifact id: '7c736f44e8011f4a6bb56695ba740101') in 0.085858 seconds 
  Import took 0.090559 seconds .

========================================================================
Received Import Request.
  Time since last request: 0.000234 seconds.
  path: Assets/VR Beginner/Materials/SelfIllum.mat
  artifactKey: Guid(5347717e71dbf364ebee0d38ac13eba0) Importer(815301076,1909f56bfc062723c751e8b465ee728b)
Start importing Assets/VR Beginner/Materials/SelfIllum.mat using Guid(5347717e71dbf364ebee0d38ac13eba0) Importer(815301076,1909f56bfc062723c751e8b465ee728b)  -> (artifact id: 'efa837d55db06ce39ec353bf0253a7fe') in 0.017067 seconds 
  Import took 0.021979 seconds .

========================================================================
Received Import Request.
  Time since last request: 0.000295 seconds.
  path: Assets/VR Beginner/Materials/BubbleGun.mat
  artifactKey: Guid(3f6892afe3ba62840bd920bce9e67bc2) Importer(815301076,1909f56bfc062723c751e8b465ee728b)
Start importing Assets/VR Beginner/Materials/BubbleGun.mat using Guid(3f6892afe3ba62840bd920bce9e67bc2) Importer(815301076,1909f56bfc062723c751e8b465ee728b)  -> (artifact id: '7c736f44e8011f4a6bb56695ba740101') in 0.089792 seconds 
  Import took 0.095255 seconds .

========================================================================
Received Import Request.
  Time since last request: 0.000236 seconds.
  path: Assets/VR Beginner/Materials/Flashlight.mat
  artifactKey: Guid(c32f8203033240a48848c96a1c981e62) Importer(815301076,1909f56bfc062723c751e8b465ee728b)
Start importing Assets/VR Beginner/Materials/Flashlight.mat using Guid(c32f8203033240a48848c96a1c981e62) Importer(815301076,1909f56bfc062723c751e8b465ee728b)  -> (artifact id: 'f385f9b2212033520d98f35dd715b0ad') in 0.128124 seconds 
  Import took 0.132971 seconds .

========================================================================
Received Import Request.
  Time since last request: 0.000252 seconds.
  path: Assets/VR Beginner/Materials/LaserPointer.mat
  artifactKey: Guid(54f71d25e4d75244fb890facd94a7848) Importer(815301076,1909f56bfc062723c751e8b465ee728b)
Start importing Assets/VR Beginner/Materials/LaserPointer.mat using Guid(54f71d25e4d75244fb890facd94a7848) Importer(815301076,1909f56bfc062723c751e8b465ee728b)  -> (artifact id: '1a8d522b28e28bc13ccca27888e50df1') in 0.094324 seconds 
  Import took 0.099864 seconds .

========================================================================
Received Import Request.
  Time since last request: 0.000279 seconds.
  path: Assets/VR Beginner/Materials/TorchGlass.mat
  artifactKey: Guid(205fc949dd23f614ab63b958ee89b137) Importer(815301076,1909f56bfc062723c751e8b465ee728b)
Start importing Assets/VR Beginner/Materials/TorchGlass.mat using Guid(205fc949dd23f614ab63b958ee89b137) Importer(815301076,1909f56bfc062723c751e8b465ee728b)  -> (artifact id: '36c14fb8ad6541abd6b549704d69e655') in 0.095361 seconds 
  Import took 0.100796 seconds .

========================================================================
Received Import Request.
  Time since last request: 0.000223 seconds.
  path: Assets/VR Beginner/Materials/LaserPointer.mat
  artifactKey: Guid(54f71d25e4d75244fb890facd94a7848) Importer(815301076,1909f56bfc062723c751e8b465ee728b)
Start importing Assets/VR Beginner/Materials/LaserPointer.mat using Guid(54f71d25e4d75244fb890facd94a7848) Importer(815301076,1909f56bfc062723c751e8b465ee728b)  -> (artifact id: '1a8d522b28e28bc13ccca27888e50df1') in 0.083253 seconds 
  Import took 0.088070 seconds .

========================================================================
Received Import Request.
  Time since last request: 0.000230 seconds.
  path: Assets/VR Beginner/Materials/TorchGlass.mat
  artifactKey: Guid(205fc949dd23f614ab63b958ee89b137) Importer(815301076,1909f56bfc062723c751e8b465ee728b)
Start importing Assets/VR Beginner/Materials/TorchGlass.mat using Guid(205fc949dd23f614ab63b958ee89b137) Importer(815301076,1909f56bfc062723c751e8b465ee728b)  -> (artifact id: '36c14fb8ad6541abd6b549704d69e655') in 0.097423 seconds 
  Import took 0.102106 seconds .

========================================================================
Received Import Request.
  Time since last request: 71.709131 seconds.
  path: Assets/MyScenes/Horror PrototypeSettings.lighting
  artifactKey: Guid(61ac9a726467bb646ae225ce7e9dabb6) Importer(815301076,1909f56bfc062723c751e8b465ee728b)
Start importing Assets/MyScenes/Horror PrototypeSettings.lighting using Guid(61ac9a726467bb646ae225ce7e9dabb6) Importer(815301076,1909f56bfc062723c751e8b465ee728b)  -> (artifact id: 'bd86d69a8ca7cf00e9b014320b5d4b7b') in 0.008942 seconds 
  Import took 0.014580 seconds .

========================================================================
Received Prepare
Shader 'Universal Render Pipeline/Particles/Lit': fallback shader 'Universal Render Pipeline/Particles/SimpleLit' not found
Refreshing native plugins compatible for Editor in 3.47 ms, found 8 plugins.
Preloading 1 native plugins for Editor in 0.07 ms.
Unloading 13 Unused Serialized files (Serialized files now loaded: 0)
System memory in use before: 102.3 MB.
System memory in use after: 102.5 MB.

Unloading 13 unused Assets to reduce memory usage. Loaded Objects now: 4028.
Total: 3.705800 ms (FindLiveObjects: 0.320400 ms CreateObjectMapping: 0.138600 ms MarkObjects: 3.221900 ms  DeleteObjects: 0.023900 ms)

AssetImportParameters requested are different than current active one (requested -> active):
  custom:framework-win-MediaFoundation: 216162199b28c13a410421893ffa2e32 -> 
  custom:video-decoder-ogg-theora: a1e56fd34408186e4bbccfd4996cb3dc -> 
  custom:container-muxer-webm: aa71ff27fc2769a1b78a27578f13a17b -> 
  custom:container-demuxer-webm: 4f35f7cbe854078d1ac9338744f61a02 -> 
  custom:container-demuxer-ogg: 62fdf1f143b41e24485cea50d1cbac27 -> 
  custom:video-encoder-webm-vp8: eb34c28f22e8b96e1ab97ce403110664 -> 
  custom:video-decoder-webm-vp8: 9c59270c3fd7afecdb556c50c9e8de78 -> 
  custom:audio-decoder-ogg-vorbis: bf7c407c2cedff20999df2af8eb42d56 -> 
  custom:audio-encoder-webm-vorbis: bf7c407c2cedff20999df2af8eb42d56 -> 
========================================================================
Received Prepare
Registering precompiled user dll's ...
Registered in 0.005858 seconds.
Begin MonoManager ReloadAssembly
Native extension for WindowsStandalone target not found
Native extension for WebGL target not found
Refreshing native plugins compatible for Editor in 0.76 ms, found 8 plugins.
Preloading 1 native plugins for Editor in 0.08 ms.
NullReferenceException: Object reference not set to an instance of an object
  at Unity.XR.Oculus.OculusLoader.AssetPathToAbsolutePath (System.String assetPath) [0x00048] in C:\Users\IOCT\Documents\VR Horror Game\VR Horror Game\Library\PackageCache\com.unity.xr.oculus@1.8.1\Runtime\OculusLoader.cs:243 
  at Unity.XR.Oculus.OculusLoader.EditorLoadOVRPlugin () [0x0007b] in C:\Users\IOCT\Documents\VR Horror Game\VR Horror Game\Library\PackageCache\com.unity.xr.oculus@1.8.1\Runtime\OculusLoader.cs:228 

(Filename: Library/PackageCache/com.unity.xr.oculus@1.8.1/Runtime/OculusLoader.cs Line: 243)

Mono: successfully reloaded assembly
- Completed reload, in  1.069 seconds
Platform modules already initialized, skipping
Switching build target platform(19) subTarget(0) extendedPlatform(0) -> platform(13) subTarget(536870918) extendedPlatform(0)
Shader 'Universal Render Pipeline/Particles/Lit': fallback shader 'Universal Render Pipeline/Particles/SimpleLit' not found
Refreshing native plugins compatible for Editor in 0.73 ms, found 8 plugins.
Preloading 1 native plugins for Editor in 0.07 ms.
Unloading 3340 Unused Serialized files (Serialized files now loaded: 0)
System memory in use before: 167.3 MB.
System memory in use after: 167.5 MB.

Unloading 16 unused Assets to reduce memory usage. Loaded Objects now: 4006.
Total: 2.491400 ms (FindLiveObjects: 0.286500 ms CreateObjectMapping: 0.149200 ms MarkObjects: 2.035900 ms  DeleteObjects: 0.018900 ms)

AssetImportParameters requested are different than current active one (requested -> active):
  custom:framework-win-MediaFoundation: 216162199b28c13a410421893ffa2e32 -> 
  custom:video-decoder-ogg-theora: a1e56fd34408186e4bbccfd4996cb3dc -> 
  custom:container-muxer-webm: aa71ff27fc2769a1b78a27578f13a17b -> 
  custom:container-demuxer-webm: 4f35f7cbe854078d1ac9338744f61a02 -> 
  custom:container-demuxer-ogg: 62fdf1f143b41e24485cea50d1cbac27 -> 
  custom:video-encoder-webm-vp8: eb34c28f22e8b96e1ab97ce403110664 -> 
  custom:video-decoder-webm-vp8: 9c59270c3fd7afecdb556c50c9e8de78 -> 
  custom:graphics/normal-map-encoding: 01000000000000000000000000000000 -> 02000000000000000000000000000000
  custom:audio-decoder-ogg-vorbis: bf7c407c2cedff20999df2af8eb42d56 -> 
  custom:audio-encoder-webm-vorbis: bf7c407c2cedff20999df2af8eb42d56 -> 
========================================================================
Received Prepare
Registering precompiled user dll's ...
Registered in 0.005806 seconds.
Begin MonoManager ReloadAssembly
Native extension for WindowsStandalone target not found
Native extension for WebGL target not found
Refreshing native plugins compatible for Editor in 0.76 ms, found 8 plugins.
Preloading 1 native plugins for Editor in 0.08 ms.
NullReferenceException: Object reference not set to an instance of an object
  at Unity.XR.Oculus.OculusLoader.AssetPathToAbsolutePath (System.String assetPath) [0x00048] in C:\Users\IOCT\Documents\VR Horror Game\VR Horror Game\Library\PackageCache\com.unity.xr.oculus@1.8.1\Runtime\OculusLoader.cs:243 
  at Unity.XR.Oculus.OculusLoader.EditorLoadOVRPlugin () [0x0007b] in C:\Users\IOCT\Documents\VR Horror Game\VR Horror Game\Library\PackageCache\com.unity.xr.oculus@1.8.1\Runtime\OculusLoader.cs:228 

(Filename: Library/PackageCache/com.unity.xr.oculus@1.8.1/Runtime/OculusLoader.cs Line: 243)

Mono: successfully reloaded assembly
- Completed reload, in  1.063 seconds
Platform modules already initialized, skipping
Switching build target platform(19) subTarget(0) extendedPlatform(0) -> platform(13) subTarget(536870918) extendedPlatform(0)
Shader 'Universal Render Pipeline/Particles/Lit': fallback shader 'Universal Render Pipeline/Particles/SimpleLit' not found
Refreshing native plugins compatible for Editor in 0.72 ms, found 8 plugins.
Preloading 1 native plugins for Editor in 0.08 ms.
Unloading 3340 Unused Serialized files (Serialized files now loaded: 0)
System memory in use before: 167.4 MB.
System memory in use after: 167.6 MB.

Unloading 16 unused Assets to reduce memory usage. Loaded Objects now: 4010.
Total: 2.599800 ms (FindLiveObjects: 0.316800 ms CreateObjectMapping: 0.151400 ms MarkObjects: 2.114500 ms  DeleteObjects: 0.016000 ms)

AssetImportParameters requested are different than current active one (requested -> active):
  custom:framework-win-MediaFoundation: 216162199b28c13a410421893ffa2e32 -> 
  custom:video-decoder-ogg-theora: a1e56fd34408186e4bbccfd4996cb3dc -> 
  custom:container-muxer-webm: aa71ff27fc2769a1b78a27578f13a17b -> 
  custom:container-demuxer-webm: 4f35f7cbe854078d1ac9338744f61a02 -> 
  custom:container-demuxer-ogg: 62fdf1f143b41e24485cea50d1cbac27 -> 
  custom:video-encoder-webm-vp8: eb34c28f22e8b96e1ab97ce403110664 -> 
  custom:video-decoder-webm-vp8: 9c59270c3fd7afecdb556c50c9e8de78 -> 
  custom:graphics/normal-map-encoding: 01000000000000000000000000000000 -> 02000000000000000000000000000000
  custom:audio-decoder-ogg-vorbis: bf7c407c2cedff20999df2af8eb42d56 -> 
  custom:audio-encoder-webm-vorbis: bf7c407c2cedff20999df2af8eb42d56 -> 
========================================================================
Received Prepare
Registering precompiled user dll's ...
Registered in 0.005642 seconds.
Begin MonoManager ReloadAssembly
Native extension for WindowsStandalone target not found
Native extension for WebGL target not found
Refreshing native plugins compatible for Editor in 0.72 ms, found 8 plugins.
Preloading 1 native plugins for Editor in 0.08 ms.
NullReferenceException: Object reference not set to an instance of an object
  at Unity.XR.Oculus.OculusLoader.AssetPathToAbsolutePath (System.String assetPath) [0x00048] in C:\Users\IOCT\Documents\VR Horror Game\VR Horror Game\Library\PackageCache\com.unity.xr.oculus@1.8.1\Runtime\OculusLoader.cs:243 
  at Unity.XR.Oculus.OculusLoader.EditorLoadOVRPlugin () [0x0007b] in C:\Users\IOCT\Documents\VR Horror Game\VR Horror Game\Library\PackageCache\com.unity.xr.oculus@1.8.1\Runtime\OculusLoader.cs:228 

(Filename: Library/PackageCache/com.unity.xr.oculus@1.8.1/Runtime/OculusLoader.cs Line: 243)

Mono: successfully reloaded assembly
- Completed reload, in  1.065 seconds
Platform modules already initialized, skipping
Switching build target platform(19) subTarget(0) extendedPlatform(0) -> platform(13) subTarget(536870918) extendedPlatform(0)
Shader 'Universal Render Pipeline/Particles/Lit': fallback shader 'Universal Render Pipeline/Particles/SimpleLit' not found
Refreshing native plugins compatible for Editor in 0.71 ms, found 8 plugins.
Preloading 1 native plugins for Editor in 0.08 ms.
Unloading 3340 Unused Serialized files (Serialized files now loaded: 0)
System memory in use before: 167.4 MB.
System memory in use after: 167.6 MB.

Unloading 16 unused Assets to reduce memory usage. Loaded Objects now: 4014.
Total: 2.745100 ms (FindLiveObjects: 0.295900 ms CreateObjectMapping: 0.134400 ms MarkObjects: 2.283700 ms  DeleteObjects: 0.030200 ms)

AssetImportParameters requested are different than current active one (requested -> active):
  custom:framework-win-MediaFoundation: 216162199b28c13a410421893ffa2e32 -> 
  custom:video-decoder-ogg-theora: a1e56fd34408186e4bbccfd4996cb3dc -> 
  custom:container-muxer-webm: aa71ff27fc2769a1b78a27578f13a17b -> 
  custom:container-demuxer-webm: 4f35f7cbe854078d1ac9338744f61a02 -> 
  custom:container-demuxer-ogg: 62fdf1f143b41e24485cea50d1cbac27 -> 
  custom:video-encoder-webm-vp8: eb34c28f22e8b96e1ab97ce403110664 -> 
  custom:video-decoder-webm-vp8: 9c59270c3fd7afecdb556c50c9e8de78 -> 
  custom:graphics/normal-map-encoding: 01000000000000000000000000000000 -> 02000000000000000000000000000000
  custom:audio-decoder-ogg-vorbis: bf7c407c2cedff20999df2af8eb42d56 -> 
  custom:audio-encoder-webm-vorbis: bf7c407c2cedff20999df2af8eb42d56 -> 
========================================================================
Received Import Request.
  Time since last request: 1068.684120 seconds.
  path: Assets/LightStep.cs
  artifactKey: Guid(2906f1284512d3441a7aa6cdb54c28a9) Importer(815301076,1909f56bfc062723c751e8b465ee728b)
Start importing Assets/LightStep.cs using Guid(2906f1284512d3441a7aa6cdb54c28a9) Importer(815301076,1909f56bfc062723c751e8b465ee728b)  -> (artifact id: '752e0a3b242e02ccad6df5ad2f47887a') in 0.013556 seconds 
  Import took 0.018761 seconds .

========================================================================
Received Prepare
Registering precompiled user dll's ...
Registered in 0.006820 seconds.
Begin MonoManager ReloadAssembly
Native extension for WindowsStandalone target not found
Native extension for WebGL target not found
Refreshing native plugins compatible for Editor in 0.73 ms, found 8 plugins.
Preloading 1 native plugins for Editor in 0.08 ms.
NullReferenceException: Object reference not set to an instance of an object
  at Unity.XR.Oculus.OculusLoader.AssetPathToAbsolutePath (System.String assetPath) [0x00048] in C:\Users\IOCT\Documents\VR Horror Game\VR Horror Game\Library\PackageCache\com.unity.xr.oculus@1.8.1\Runtime\OculusLoader.cs:243 
  at Unity.XR.Oculus.OculusLoader.EditorLoadOVRPlugin () [0x0007b] in C:\Users\IOCT\Documents\VR Horror Game\VR Horror Game\Library\PackageCache\com.unity.xr.oculus@1.8.1\Runtime\OculusLoader.cs:228 

(Filename: Library/PackageCache/com.unity.xr.oculus@1.8.1/Runtime/OculusLoader.cs Line: 243)

Mono: successfully reloaded assembly
- Completed reload, in  1.069 seconds
Platform modules already initialized, skipping
Switching build target platform(19) subTarget(0) extendedPlatform(0) -> platform(13) subTarget(536870918) extendedPlatform(0)
Shader 'Universal Render Pipeline/Particles/Lit': fallback shader 'Universal Render Pipeline/Particles/SimpleLit' not found
Refreshing native plugins compatible for Editor in 0.72 ms, found 8 plugins.
Preloading 1 native plugins for Editor in 0.08 ms.
Unloading 3339 Unused Serialized files (Serialized files now loaded: 0)
System memory in use before: 167.4 MB.
System memory in use after: 167.6 MB.

Unloading 17 unused Assets to reduce memory usage. Loaded Objects now: 4017.
Total: 2.806000 ms (FindLiveObjects: 0.312200 ms CreateObjectMapping: 0.127800 ms MarkObjects: 2.316400 ms  DeleteObjects: 0.048900 ms)

AssetImportParameters requested are different than current active one (requested -> active):
  custom:framework-win-MediaFoundation: 216162199b28c13a410421893ffa2e32 -> 
  custom:video-decoder-ogg-theora: a1e56fd34408186e4bbccfd4996cb3dc -> 
  custom:container-muxer-webm: aa71ff27fc2769a1b78a27578f13a17b -> 
  custom:container-demuxer-webm: 4f35f7cbe854078d1ac9338744f61a02 -> 
  custom:container-demuxer-ogg: 62fdf1f143b41e24485cea50d1cbac27 -> 
  custom:video-encoder-webm-vp8: eb34c28f22e8b96e1ab97ce403110664 -> 
  custom:video-decoder-webm-vp8: 9c59270c3fd7afecdb556c50c9e8de78 -> 
  custom:graphics/normal-map-encoding: 01000000000000000000000000000000 -> 02000000000000000000000000000000
  custom:audio-decoder-ogg-vorbis: bf7c407c2cedff20999df2af8eb42d56 -> 
  custom:audio-encoder-webm-vorbis: bf7c407c2cedff20999df2af8eb42d56 -> 
========================================================================
Received Prepare
Shader 'Universal Render Pipeline/Particles/Lit': fallback shader 'Universal Render Pipeline/Particles/SimpleLit' not found
Refreshing native plugins compatible for Editor in 3.46 ms, found 8 plugins.
Preloading 1 native plugins for Editor in 0.07 ms.
Unloading 13 Unused Serialized files (Serialized files now loaded: 0)
System memory in use before: 102.5 MB.
System memory in use after: 102.7 MB.

Unloading 13 unused Assets to reduce memory usage. Loaded Objects now: 4017.
Total: 2.964800 ms (FindLiveObjects: 0.309800 ms CreateObjectMapping: 0.163700 ms MarkObjects: 2.471100 ms  DeleteObjects: 0.019400 ms)

AssetImportParameters requested are different than current active one (requested -> active):
  custom:framework-win-MediaFoundation: 216162199b28c13a410421893ffa2e32 -> 
  custom:video-decoder-ogg-theora: a1e56fd34408186e4bbccfd4996cb3dc -> 
  custom:container-muxer-webm: aa71ff27fc2769a1b78a27578f13a17b -> 
  custom:container-demuxer-webm: 4f35f7cbe854078d1ac9338744f61a02 -> 
  custom:container-demuxer-ogg: 62fdf1f143b41e24485cea50d1cbac27 -> 
  custom:video-encoder-webm-vp8: eb34c28f22e8b96e1ab97ce403110664 -> 
  custom:video-decoder-webm-vp8: 9c59270c3fd7afecdb556c50c9e8de78 -> 
  custom:audio-decoder-ogg-vorbis: bf7c407c2cedff20999df2af8eb42d56 -> 
  custom:audio-encoder-webm-vorbis: bf7c407c2cedff20999df2af8eb42d56 -> 
========================================================================
Received Import Request.
  Time since last request: 693.031573 seconds.
  path: Assets/VR Beginner/VFX/Sparks/Sparks.mat
  artifactKey: Guid(c1f09c5971ce45e458742250afd3ba2b) Importer(815301076,1909f56bfc062723c751e8b465ee728b)
Start importing Assets/VR Beginner/VFX/Sparks/Sparks.mat using Guid(c1f09c5971ce45e458742250afd3ba2b) Importer(815301076,1909f56bfc062723c751e8b465ee728b)  -> (artifact id: '26c728597b7207e741fdec14b54711a7') in 0.149295 seconds 
  Import took 0.155112 seconds .

========================================================================
Received Prepare
Shader 'Universal Render Pipeline/Particles/Lit': fallback shader 'Universal Render Pipeline/Particles/SimpleLit' not found
Refreshing native plugins compatible for Editor in 3.36 ms, found 8 plugins.
Preloading 1 native plugins for Editor in 0.07 ms.
Unloading 13 Unused Serialized files (Serialized files now loaded: 0)
System memory in use before: 102.7 MB.
System memory in use after: 102.9 MB.

Unloading 14 unused Assets to reduce memory usage. Loaded Objects now: 4080.
Total: 3.136000 ms (FindLiveObjects: 0.323600 ms CreateObjectMapping: 0.166600 ms MarkObjects: 2.611000 ms  DeleteObjects: 0.033900 ms)

AssetImportParameters requested are different than current active one (requested -> active):
  custom:framework-win-MediaFoundation: 216162199b28c13a410421893ffa2e32 -> 
  custom:video-decoder-ogg-theora: a1e56fd34408186e4bbccfd4996cb3dc -> 
  custom:container-muxer-webm: aa71ff27fc2769a1b78a27578f13a17b -> 
  custom:container-demuxer-webm: 4f35f7cbe854078d1ac9338744f61a02 -> 
  custom:container-demuxer-ogg: 62fdf1f143b41e24485cea50d1cbac27 -> 
  custom:video-encoder-webm-vp8: eb34c28f22e8b96e1ab97ce403110664 -> 
  custom:video-decoder-webm-vp8: 9c59270c3fd7afecdb556c50c9e8de78 -> 
  custom:audio-decoder-ogg-vorbis: bf7c407c2cedff20999df2af8eb42d56 -> 
  custom:audio-encoder-webm-vorbis: bf7c407c2cedff20999df2af8eb42d56 -> 
========================================================================
Received Import Request.
  Time since last request: 1301.527040 seconds.
  path: Assets/HorrorCC.asset
  artifactKey: Guid(ae09ad65bda265a4994e60d1cc6cb97c) Importer(815301076,1909f56bfc062723c751e8b465ee728b)
Start importing Assets/HorrorCC.asset using Guid(ae09ad65bda265a4994e60d1cc6cb97c) Importer(815301076,1909f56bfc062723c751e8b465ee728b)  -> (artifact id: '3e503d9df587936a54112830db375c3f') in 0.011817 seconds 
  Import took 0.017870 seconds .

========================================================================
Received Import Request.
  Time since last request: 435.645511 seconds.
  path: Assets/MyScenes/Horror Prototype.unity
  artifactKey: Guid(7674950d4a3f0624e852c798046a9da2) Importer(815301076,1909f56bfc062723c751e8b465ee728b)
Start importing Assets/MyScenes/Horror Prototype.unity using Guid(7674950d4a3f0624e852c798046a9da2) Importer(815301076,1909f56bfc062723c751e8b465ee728b)  -> (artifact id: 'af4a6854579bee8be18397d98c88a451') in 0.008464 seconds 
  Import took 0.015249 seconds .

========================================================================
Received Prepare
Registering precompiled user dll's ...
Registered in 0.006418 seconds.
Begin MonoManager ReloadAssembly
Native extension for WindowsStandalone target not found
Native extension for WebGL target not found
Refreshing native plugins compatible for Editor in 0.80 ms, found 8 plugins.
Preloading 1 native plugins for Editor in 0.15 ms.
NullReferenceException: Object reference not set to an instance of an object
  at Unity.XR.Oculus.OculusLoader.AssetPathToAbsolutePath (System.String assetPath) [0x00048] in C:\Users\IOCT\Documents\VR Horror Game\VR Horror Game\Library\PackageCache\com.unity.xr.oculus@1.8.1\Runtime\OculusLoader.cs:243 
  at Unity.XR.Oculus.OculusLoader.EditorLoadOVRPlugin () [0x0007b] in C:\Users\IOCT\Documents\VR Horror Game\VR Horror Game\Library\PackageCache\com.unity.xr.oculus@1.8.1\Runtime\OculusLoader.cs:228 

(Filename: Library/PackageCache/com.unity.xr.oculus@1.8.1/Runtime/OculusLoader.cs Line: 243)

Mono: successfully reloaded assembly
- Completed reload, in  1.383 seconds
Platform modules already initialized, skipping
Switching build target platform(19) subTarget(0) extendedPlatform(0) -> platform(13) subTarget(536870918) extendedPlatform(0)
Shader 'Universal Render Pipeline/Particles/Lit': fallback shader 'Universal Render Pipeline/Particles/SimpleLit' not found
Refreshing native plugins compatible for Editor in 0.96 ms, found 8 plugins.
Preloading 1 native plugins for Editor in 0.10 ms.
Unloading 3339 Unused Serialized files (Serialized files now loaded: 0)
System memory in use before: 167.6 MB.
System memory in use after: 167.8 MB.

Unloading 16 unused Assets to reduce memory usage. Loaded Objects now: 4057.
Total: 3.684700 ms (FindLiveObjects: 0.473700 ms CreateObjectMapping: 0.320700 ms MarkObjects: 2.859900 ms  DeleteObjects: 0.029100 ms)

AssetImportParameters requested are different than current active one (requested -> active):
  custom:framework-win-MediaFoundation: 216162199b28c13a410421893ffa2e32 -> 
  custom:video-decoder-ogg-theora: a1e56fd34408186e4bbccfd4996cb3dc -> 
  custom:container-muxer-webm: aa71ff27fc2769a1b78a27578f13a17b -> 
  custom:container-demuxer-webm: 4f35f7cbe854078d1ac9338744f61a02 -> 
  custom:container-demuxer-ogg: 62fdf1f143b41e24485cea50d1cbac27 -> 
  custom:video-encoder-webm-vp8: eb34c28f22e8b96e1ab97ce403110664 -> 
  custom:video-decoder-webm-vp8: 9c59270c3fd7afecdb556c50c9e8de78 -> 
  custom:graphics/normal-map-encoding: 01000000000000000000000000000000 -> 02000000000000000000000000000000
  custom:audio-decoder-ogg-vorbis: bf7c407c2cedff20999df2af8eb42d56 -> 
  custom:audio-encoder-webm-vorbis: bf7c407c2cedff20999df2af8eb42d56 -> 
========================================================================
Received Prepare
Registering precompiled user dll's ...
Registered in 0.005934 seconds.
Begin MonoManager ReloadAssembly
Native extension for WindowsStandalone target not found
Native extension for WebGL target not found
Refreshing native plugins compatible for Editor in 0.78 ms, found 8 plugins.
Preloading 1 native plugins for Editor in 0.11 ms.
NullReferenceException: Object reference not set to an instance of an object
  at Unity.XR.Oculus.OculusLoader.AssetPathToAbsolutePath (System.String assetPath) [0x00048] in C:\Users\IOCT\Documents\VR Horror Game\VR Horror Game\Library\PackageCache\com.unity.xr.oculus@1.8.1\Runtime\OculusLoader.cs:243 
  at Unity.XR.Oculus.OculusLoader.EditorLoadOVRPlugin () [0x0007b] in C:\Users\IOCT\Documents\VR Horror Game\VR Horror Game\Library\PackageCache\com.unity.xr.oculus@1.8.1\Runtime\OculusLoader.cs:228 

(Filename: Library/PackageCache/com.unity.xr.oculus@1.8.1/Runtime/OculusLoader.cs Line: 243)

Mono: successfully reloaded assembly
- Completed reload, in  1.371 seconds
Platform modules already initialized, skipping
Switching build target platform(19) subTarget(0) extendedPlatform(0) -> platform(13) subTarget(536870918) extendedPlatform(0)
Shader 'Universal Render Pipeline/Particles/Lit': fallback shader 'Universal Render Pipeline/Particles/SimpleLit' not found
Refreshing native plugins compatible for Editor in 1.09 ms, found 8 plugins.
Preloading 1 native plugins for Editor in 0.11 ms.
Unloading 3339 Unused Serialized files (Serialized files now loaded: 0)
System memory in use before: 167.6 MB.
System memory in use after: 167.8 MB.

Unloading 16 unused Assets to reduce memory usage. Loaded Objects now: 4061.
Total: 4.020600 ms (FindLiveObjects: 0.403700 ms CreateObjectMapping: 0.237300 ms MarkObjects: 3.355600 ms  DeleteObjects: 0.022400 ms)

AssetImportParameters requested are different than current active one (requested -> active):
  custom:framework-win-MediaFoundation: 216162199b28c13a410421893ffa2e32 -> 
  custom:video-decoder-ogg-theora: a1e56fd34408186e4bbccfd4996cb3dc -> 
  custom:container-muxer-webm: aa71ff27fc2769a1b78a27578f13a17b -> 
  custom:container-demuxer-webm: 4f35f7cbe854078d1ac9338744f61a02 -> 
  custom:container-demuxer-ogg: 62fdf1f143b41e24485cea50d1cbac27 -> 
  custom:video-encoder-webm-vp8: eb34c28f22e8b96e1ab97ce403110664 -> 
  custom:video-decoder-webm-vp8: 9c59270c3fd7afecdb556c50c9e8de78 -> 
  custom:graphics/normal-map-encoding: 01000000000000000000000000000000 -> 02000000000000000000000000000000
  custom:audio-decoder-ogg-vorbis: bf7c407c2cedff20999df2af8eb42d56 -> 
  custom:audio-encoder-webm-vorbis: bf7c407c2cedff20999df2af8eb42d56 -> 
AssetImportWorkerClient::OnTransportError - code=2 error=End of file
